  [1m[35m (0.1ms)[0m  [1m[34mSELECT sqlite_version(*)[0m
  ↳ bin/rails:9
  [1m[35m (177.3ms)[0m  [1m[35mCREATE TABLE "schema_migrations" ("version" varchar NOT NULL PRIMARY KEY)[0m
  ↳ bin/rails:9
  [1m[35m (116.6ms)[0m  [1m[35mCREATE TABLE "ar_internal_metadata" ("key" varchar NOT NULL PRIMARY KEY, "value" varchar, "created_at" datetime NOT NULL, "updated_at" datetime NOT NULL)[0m
  ↳ bin/rails:9
  [1m[35m (0.2ms)[0m  [1m[34mSELECT "schema_migrations"."version" FROM "schema_migrations" ORDER BY "schema_migrations"."version" ASC[0m
  ↳ bin/rails:9
Migrating to CreateEmails (20180823215408)
  [1m[35m (0.1ms)[0m  [1m[36mbegin transaction[0m
  ↳ bin/rails:9
  [1m[35m (0.4ms)[0m  [1m[35mCREATE TABLE "emails" ("id" integer PRIMARY KEY AUTOINCREMENT NOT NULL, "objet" varchar, "body" text, "read" boolean DEFAULT 0 NOT NULL, "created_at" datetime NOT NULL, "updated_at" datetime NOT NULL)[0m
  ↳ db/migrate/20180823215408_create_emails.rb:3
  [1m[36mActiveRecord::SchemaMigration Create (0.2ms)[0m  [1m[32mINSERT INTO "schema_migrations" ("version") VALUES (?)[0m  [["version", "20180823215408"]]
  ↳ bin/rails:9
  [1m[35m (142.2ms)[0m  [1m[36mcommit transaction[0m
  ↳ bin/rails:9
  [1m[36mActiveRecord::InternalMetadata Load (0.6ms)[0m  [1m[34mSELECT  "ar_internal_metadata".* FROM "ar_internal_metadata" WHERE "ar_internal_metadata"."key" = ? LIMIT ?[0m  [["key", "environment"], ["LIMIT", 1]]
  ↳ bin/rails:9
  [1m[35m (0.3ms)[0m  [1m[36mbegin transaction[0m
  ↳ bin/rails:9
  [1m[36mActiveRecord::InternalMetadata Create (1.2ms)[0m  [1m[32mINSERT INTO "ar_internal_metadata" ("key", "value", "created_at", "updated_at") VALUES (?, ?, ?, ?)[0m  [["key", "environment"], ["value", "development"], ["created_at", "2018-08-23 22:05:49.351473"], ["updated_at", "2018-08-23 22:05:49.351473"]]
  ↳ bin/rails:9
  [1m[35m (100.1ms)[0m  [1m[36mcommit transaction[0m
  ↳ bin/rails:9
  [1m[35m (0.4ms)[0m  [1m[34mSELECT "schema_migrations"."version" FROM "schema_migrations" ORDER BY "schema_migrations"."version" ASC[0m
  ↳ bin/rails:9
  [1m[35m (0.1ms)[0m  [1m[34mSELECT "schema_migrations"."version" FROM "schema_migrations" ORDER BY "schema_migrations"."version" ASC[0m
  ↳ bin/rails:9
  [1m[35m (0.1ms)[0m  [1m[34mSELECT "schema_migrations"."version" FROM "schema_migrations" ORDER BY "schema_migrations"."version" ASC[0m
  ↳ bin/rails:9
  [1m[35m (0.0ms)[0m  [1m[36mbegin transaction[0m
  ↳ db/seeds.rb:9
  [1m[36mEmail Create (0.3ms)[0m  [1m[32mINSERT INTO "emails" ("objet", "body", "created_at", "updated_at") VALUES (?, ?, ?, ?)[0m  [["objet", "alphonso@stanton.biz"], ["body", "You need a teacher. I can show you the ways of the Force."], ["created_at", "2018-08-23 22:07:57.909909"], ["updated_at", "2018-08-23 22:07:57.909909"]]
  ↳ db/seeds.rb:9
  [1m[35m (124.4ms)[0m  [1m[36mcommit transaction[0m
  ↳ db/seeds.rb:9
  [1m[35m (0.3ms)[0m  [1m[36mbegin transaction[0m
  ↳ db/seeds.rb:9
  [1m[36mEmail Create (0.6ms)[0m  [1m[32mINSERT INTO "emails" ("objet", "body", "created_at", "updated_at") VALUES (?, ?, ?, ?)[0m  [["objet", "evie@kuhn.biz"], ["body", "War is in your blood. I studied the art of war, worked to perfect it, but you? You were forged by it."], ["created_at", "2018-08-23 22:07:58.041987"], ["updated_at", "2018-08-23 22:07:58.041987"]]
  ↳ db/seeds.rb:9
  [1m[35m (74.1ms)[0m  [1m[36mcommit transaction[0m
  ↳ db/seeds.rb:9
  [1m[35m (0.3ms)[0m  [1m[36mbegin transaction[0m
  ↳ db/seeds.rb:9
  [1m[36mEmail Create (1.3ms)[0m  [1m[32mINSERT INTO "emails" ("objet", "body", "created_at", "updated_at") VALUES (?, ?, ?, ?)[0m  [["objet", "loreegrant@terry.com"], ["body", "Suicide is not the Jedi way, master."], ["created_at", "2018-08-23 22:07:58.125965"], ["updated_at", "2018-08-23 22:07:58.125965"]]
  ↳ db/seeds.rb:9
  [1m[35m (63.9ms)[0m  [1m[36mcommit transaction[0m
  ↳ db/seeds.rb:9
  [1m[35m (0.2ms)[0m  [1m[36mbegin transaction[0m
  ↳ db/seeds.rb:9
  [1m[36mEmail Create (0.6ms)[0m  [1m[32mINSERT INTO "emails" ("objet", "body", "created_at", "updated_at") VALUES (?, ?, ?, ?)[0m  [["objet", "raneeskiles@parisian.name"], ["body", "Nuklee numaa (that's the idea.)"], ["created_at", "2018-08-23 22:07:58.202509"], ["updated_at", "2018-08-23 22:07:58.202509"]]
  ↳ db/seeds.rb:9
  [1m[35m (67.3ms)[0m  [1m[36mcommit transaction[0m
  ↳ db/seeds.rb:9
  [1m[35m (0.2ms)[0m  [1m[36mbegin transaction[0m
  ↳ db/seeds.rb:9
  [1m[36mEmail Create (1.1ms)[0m  [1m[32mINSERT INTO "emails" ("objet", "body", "created_at", "updated_at") VALUES (?, ?, ?, ?)[0m  [["objet", "damionzboncak@hegmann.name"], ["body", "I will start my operations here, and pull the rebels apart piece by piece. They'll be the architects of their own destruction."], ["created_at", "2018-08-23 22:07:58.278305"], ["updated_at", "2018-08-23 22:07:58.278305"]]
  ↳ db/seeds.rb:9
  [1m[35m (67.2ms)[0m  [1m[36mcommit transaction[0m
  ↳ db/seeds.rb:9
  [1m[35m (0.1ms)[0m  [1m[36mbegin transaction[0m
  ↳ db/seeds.rb:9
  [1m[36mEmail Create (1.8ms)[0m  [1m[32mINSERT INTO "emails" ("objet", "body", "created_at", "updated_at") VALUES (?, ?, ?, ?)[0m  [["objet", "faustinogleichner@sipes.org"], ["body", "Aren't you a little short for a Stormtrooper?"], ["created_at", "2018-08-23 22:07:58.354148"], ["updated_at", "2018-08-23 22:07:58.354148"]]
  ↳ db/seeds.rb:9
  [1m[35m (68.5ms)[0m  [1m[36mcommit transaction[0m
  ↳ db/seeds.rb:9
  [1m[35m (0.2ms)[0m  [1m[36mbegin transaction[0m
  ↳ db/seeds.rb:9
  [1m[36mEmail Create (1.1ms)[0m  [1m[32mINSERT INTO "emails" ("objet", "body", "created_at", "updated_at") VALUES (?, ?, ?, ?)[0m  [["objet", "jonna@stehrdicki.name"], ["body", "I have a bad feeling about..."], ["created_at", "2018-08-23 22:07:58.431358"], ["updated_at", "2018-08-23 22:07:58.431358"]]
  ↳ db/seeds.rb:9
  [1m[35m (73.1ms)[0m  [1m[36mcommit transaction[0m
  ↳ db/seeds.rb:9
  [1m[35m (0.2ms)[0m  [1m[36mbegin transaction[0m
  ↳ db/seeds.rb:9
  [1m[36mEmail Create (1.4ms)[0m  [1m[32mINSERT INTO "emails" ("objet", "body", "created_at", "updated_at") VALUES (?, ?, ?, ?)[0m  [["objet", "ladonna@thompson.biz"], ["body", "Search your feelings, you know it to be true!"], ["created_at", "2018-08-23 22:07:58.515129"], ["updated_at", "2018-08-23 22:07:58.515129"]]
  ↳ db/seeds.rb:9
  [1m[35m (53.0ms)[0m  [1m[36mcommit transaction[0m
  ↳ db/seeds.rb:9
  [1m[35m (0.2ms)[0m  [1m[36mbegin transaction[0m
  ↳ db/seeds.rb:9
  [1m[36mEmail Create (4.2ms)[0m  [1m[32mINSERT INTO "emails" ("objet", "body", "created_at", "updated_at") VALUES (?, ?, ?, ?)[0m  [["objet", "carmellamarquardt@daniel.io"], ["body", "This deal is getting worse all the time."], ["created_at", "2018-08-23 22:07:58.591890"], ["updated_at", "2018-08-23 22:07:58.591890"]]
  ↳ db/seeds.rb:9
  [1m[35m (46.8ms)[0m  [1m[36mcommit transaction[0m
  ↳ db/seeds.rb:9
  [1m[35m (0.2ms)[0m  [1m[36mbegin transaction[0m
  ↳ db/seeds.rb:9
  [1m[36mEmail Create (1.1ms)[0m  [1m[32mINSERT INTO "emails" ("objet", "body", "created_at", "updated_at") VALUES (?, ?, ?, ?)[0m  [["objet", "garlandhoeger@gloverlegros.net"], ["body", "Now, witness the power of this fully operational battle station."], ["created_at", "2018-08-23 22:07:58.660213"], ["updated_at", "2018-08-23 22:07:58.660213"]]
  ↳ db/seeds.rb:9
  [1m[35m (81.8ms)[0m  [1m[36mcommit transaction[0m
  ↳ db/seeds.rb:9
Started GET "/" for 127.0.0.1 at 2018-08-24 00:18:12 +0200
  [1m[35m (0.1ms)[0m  [1m[34mSELECT "schema_migrations"."version" FROM "schema_migrations" ORDER BY "schema_migrations"."version" ASC[0m
  ↳ /var/lib/gems/2.5.0/gems/activerecord-5.2.1/lib/active_record/log_subscriber.rb:98
Processing by EmailsController#index as HTML
  Rendering emails/index.html.erb within layouts/application
  [1m[36mEmail Load (0.5ms)[0m  [1m[34mSELECT "emails".* FROM "emails" WHERE "emails"."complete" = ?[0m  [["complete", 1]]
  ↳ app/views/emails/index.html.erb:6
  Rendered emails/index.html.erb within layouts/application (3.7ms)
Completed 500 Internal Server Error in 18ms (ActiveRecord: 0.7ms)


  
ActionView::Template::Error (SQLite3::SQLException: no such column: emails.complete: SELECT "emails".* FROM "emails" WHERE "emails"."complete" = ?):
    3: <%= link_to "New Email", new_email_path, id: "new_link" %>
    4: <h2>Incomplete Emails</h2>
    5: <div class="emails" id="incomplete_emails">
    6:   <%= render @not_read_emails %>
    7: </div>
    8: <h2>Comlpete Emails</h2>
    9: <div class="emails" id="complete_emails">
  
app/views/emails/index.html.erb:6:in `_app_views_emails_index_html_erb__3470719160485870126_47269621743400'
  [1m[35m (0.1ms)[0m  [1m[34mSELECT "schema_migrations"."version" FROM "schema_migrations" ORDER BY "schema_migrations"."version" ASC[0m
  ↳ bin/rails:9
  [1m[35m (0.0ms)[0m  [1m[36mbegin transaction[0m
  ↳ db/seeds.rb:9
  [1m[36mEmail Create (0.6ms)[0m  [1m[32mINSERT INTO "emails" ("objet", "body", "created_at", "updated_at") VALUES (?, ?, ?, ?)[0m  [["objet", "domenicapfeffer@rempelcole.info"], ["body", "Now, witness the power of this fully operational battle station."], ["created_at", "2018-08-23 22:23:18.910088"], ["updated_at", "2018-08-23 22:23:18.910088"]]
  ↳ db/seeds.rb:9
  [1m[35m (84.7ms)[0m  [1m[36mcommit transaction[0m
  ↳ db/seeds.rb:9
  [1m[35m (0.2ms)[0m  [1m[36mbegin transaction[0m
  ↳ db/seeds.rb:9
  [1m[36mEmail Create (2.1ms)[0m  [1m[32mINSERT INTO "emails" ("objet", "body", "created_at", "updated_at") VALUES (?, ?, ?, ?)[0m  [["objet", "sachikorolfson@pacocha.org"], ["body", "I won't have you question my methods."], ["created_at", "2018-08-23 22:23:19.002260"], ["updated_at", "2018-08-23 22:23:19.002260"]]
  ↳ db/seeds.rb:9
  [1m[35m (74.4ms)[0m  [1m[36mcommit transaction[0m
  ↳ db/seeds.rb:9
  [1m[35m (0.2ms)[0m  [1m[36mbegin transaction[0m
  ↳ db/seeds.rb:9
  [1m[36mEmail Create (1.1ms)[0m  [1m[32mINSERT INTO "emails" ("objet", "body", "created_at", "updated_at") VALUES (?, ?, ?, ?)[0m  [["objet", "kathe@herman.com"], ["body", "You're smarter than a tree, aren't you?"], ["created_at", "2018-08-23 22:23:19.087767"], ["updated_at", "2018-08-23 22:23:19.087767"]]
  ↳ db/seeds.rb:9
  [1m[35m (66.8ms)[0m  [1m[36mcommit transaction[0m
  ↳ db/seeds.rb:9
  [1m[35m (0.2ms)[0m  [1m[36mbegin transaction[0m
  ↳ db/seeds.rb:9
  [1m[36mEmail Create (0.8ms)[0m  [1m[32mINSERT INTO "emails" ("objet", "body", "created_at", "updated_at") VALUES (?, ?, ?, ?)[0m  [["objet", "lanenitzsche@abernathygorczany.com"], ["body", "An object can not make you good, or evil. The temptation of power, forbidden knowledge, even the desire to do good can lead some down that path. But only you can change yourself."], ["created_at", "2018-08-23 22:23:19.164527"], ["updated_at", "2018-08-23 22:23:19.164527"]]
  ↳ db/seeds.rb:9
  [1m[35m (69.5ms)[0m  [1m[36mcommit transaction[0m
  ↳ db/seeds.rb:9
  [1m[35m (0.3ms)[0m  [1m[36mbegin transaction[0m
  ↳ db/seeds.rb:9
  [1m[36mEmail Create (0.8ms)[0m  [1m[32mINSERT INTO "emails" ("objet", "body", "created_at", "updated_at") VALUES (?, ?, ?, ?)[0m  [["objet", "luke@hyattrice.io"], ["body", "I'm a big deal in the Resistance. Which puts a real target on my back."], ["created_at", "2018-08-23 22:23:19.242736"], ["updated_at", "2018-08-23 22:23:19.242736"]]
  ↳ db/seeds.rb:9
  [1m[35m (76.6ms)[0m  [1m[36mcommit transaction[0m
  ↳ db/seeds.rb:9
  [1m[35m (0.3ms)[0m  [1m[36mbegin transaction[0m
  ↳ db/seeds.rb:9
  [1m[36mEmail Create (0.8ms)[0m  [1m[32mINSERT INTO "emails" ("objet", "body", "created_at", "updated_at") VALUES (?, ?, ?, ?)[0m  [["objet", "hermine@crist.com"], ["body", "Size matters not. Look at me. Judge me by my size, do you?"], ["created_at", "2018-08-23 22:23:19.330035"], ["updated_at", "2018-08-23 22:23:19.330035"]]
  ↳ db/seeds.rb:9
  [1m[35m (80.1ms)[0m  [1m[36mcommit transaction[0m
  ↳ db/seeds.rb:9
  [1m[35m (0.3ms)[0m  [1m[36mbegin transaction[0m
  ↳ db/seeds.rb:9
  [1m[36mEmail Create (0.9ms)[0m  [1m[32mINSERT INTO "emails" ("objet", "body", "created_at", "updated_at") VALUES (?, ?, ?, ?)[0m  [["objet", "ralph@kulas.co"], ["body", "We have no choice, General Calrissian! Our cruisers can't repel firepower of that magnitude!"], ["created_at", "2018-08-23 22:23:19.419553"], ["updated_at", "2018-08-23 22:23:19.419553"]]
  ↳ db/seeds.rb:9
  [1m[35m (86.2ms)[0m  [1m[36mcommit transaction[0m
  ↳ db/seeds.rb:9
  [1m[35m (0.2ms)[0m  [1m[36mbegin transaction[0m
  ↳ db/seeds.rb:9
  [1m[36mEmail Create (0.8ms)[0m  [1m[32mINSERT INTO "emails" ("objet", "body", "created_at", "updated_at") VALUES (?, ?, ?, ?)[0m  [["objet", "columbus@lockman.org"], ["body", "War is in your blood. I studied the art of war, worked to perfect it, but you? You were forged by it."], ["created_at", "2018-08-23 22:23:19.513761"], ["updated_at", "2018-08-23 22:23:19.513761"]]
  ↳ db/seeds.rb:9
  [1m[35m (51.2ms)[0m  [1m[36mcommit transaction[0m
  ↳ db/seeds.rb:9
  [1m[35m (0.1ms)[0m  [1m[36mbegin transaction[0m
  ↳ db/seeds.rb:9
  [1m[36mEmail Create (0.4ms)[0m  [1m[32mINSERT INTO "emails" ("objet", "body", "created_at", "updated_at") VALUES (?, ?, ?, ?)[0m  [["objet", "virgil@huel.info"], ["body", "But how could they be jamming us if they don't know that we're coming?"], ["created_at", "2018-08-23 22:23:19.572604"], ["updated_at", "2018-08-23 22:23:19.572604"]]
  ↳ db/seeds.rb:9
  [1m[35m (77.8ms)[0m  [1m[36mcommit transaction[0m
  ↳ db/seeds.rb:9
  [1m[35m (0.3ms)[0m  [1m[36mbegin transaction[0m
  ↳ db/seeds.rb:9
  [1m[36mEmail Create (2.4ms)[0m  [1m[32mINSERT INTO "emails" ("objet", "body", "created_at", "updated_at") VALUES (?, ?, ?, ?)[0m  [["objet", "erik@kutch.co"], ["body", "Remember your focus determines your reality."], ["created_at", "2018-08-23 22:23:19.659005"], ["updated_at", "2018-08-23 22:23:19.659005"]]
  ↳ db/seeds.rb:9
  [1m[35m (91.7ms)[0m  [1m[36mcommit transaction[0m
  ↳ db/seeds.rb:9
  [1m[35m (0.2ms)[0m  [1m[36mbegin transaction[0m
  ↳ db/seeds.rb:11
  [1m[36mEmail Create (0.8ms)[0m  [1m[32mINSERT INTO "emails" ("objet", "body", "read", "created_at", "updated_at") VALUES (?, ?, ?, ?, ?)[0m  [["objet", "luxilux@thp.bdx"], ["body", "Nous aimons la vie !"], ["read", 1], ["created_at", "2018-08-23 22:23:19.763092"], ["updated_at", "2018-08-23 22:23:19.763092"]]
  ↳ db/seeds.rb:11
  [1m[35m (77.5ms)[0m  [1m[36mcommit transaction[0m
  ↳ db/seeds.rb:11
Started GET "/" for 127.0.0.1 at 2018-08-24 00:24:10 +0200
  [1m[35m (0.3ms)[0m  [1m[34mSELECT "schema_migrations"."version" FROM "schema_migrations" ORDER BY "schema_migrations"."version" ASC[0m
  ↳ /var/lib/gems/2.5.0/gems/activerecord-5.2.1/lib/active_record/log_subscriber.rb:98
Processing by EmailsController#index as HTML
  Rendering emails/index.html.erb within layouts/application
  [1m[36mEmail Load (0.5ms)[0m  [1m[34mSELECT "emails".* FROM "emails" WHERE "emails"."complete" = ?[0m  [["complete", 1]]
  ↳ app/views/emails/index.html.erb:6
  Rendered emails/index.html.erb within layouts/application (2.6ms)
Completed 500 Internal Server Error in 12ms (ActiveRecord: 0.7ms)


  
ActionView::Template::Error (SQLite3::SQLException: no such column: emails.complete: SELECT "emails".* FROM "emails" WHERE "emails"."complete" = ?):
    3: <%= link_to "New Email", new_email_path, id: "new_link" %>
    4: <h2>Incomplete Emails</h2>
    5: <div class="emails" id="incomplete_emails">
    6:   <%= render @not_read_emails %>
    7: </div>
    8: <h2>Comlpete Emails</h2>
    9: <div class="emails" id="complete_emails">
  
app/views/emails/index.html.erb:6:in `_app_views_emails_index_html_erb__864298101159924128_70068504887960'
Started GET "/" for 127.0.0.1 at 2018-08-24 00:26:34 +0200
Processing by EmailsController#index as HTML
  Rendering emails/index.html.erb within layouts/application
  [1m[36mEmail Load (1.3ms)[0m  [1m[34mSELECT "emails".* FROM "emails" WHERE "emails"."complete" = ?[0m  [["complete", 1]]
  ↳ app/views/emails/index.html.erb:6
  Rendered emails/index.html.erb within layouts/application (5.4ms)
Completed 500 Internal Server Error in 15ms (ActiveRecord: 1.3ms)


  
ActionView::Template::Error (SQLite3::SQLException: no such column: emails.complete: SELECT "emails".* FROM "emails" WHERE "emails"."complete" = ?):
    3: <%= link_to "New Email", new_email_path, id: "new_link" %>
    4: <h2>Incomplete Emails</h2>
    5: <div class="emails" id="not_read_emails">
    6:   <%= render @not_read_emails %>
    7: </div>
    8: <h2>Comlpete Emails</h2>
    9: <div class="emails" id="read_emails">
  
app/views/emails/index.html.erb:6:in `_app_views_emails_index_html_erb__864298101159924128_46929520162160'
Started GET "/" for 127.0.0.1 at 2018-08-24 00:26:35 +0200
Processing by EmailsController#index as HTML
  Rendering emails/index.html.erb within layouts/application
  [1m[36mEmail Load (1.9ms)[0m  [1m[34mSELECT "emails".* FROM "emails" WHERE "emails"."complete" = ?[0m  [["complete", 1]]
  ↳ app/views/emails/index.html.erb:6
  Rendered emails/index.html.erb within layouts/application (6.9ms)
Completed 500 Internal Server Error in 15ms (ActiveRecord: 1.9ms)


  
ActionView::Template::Error (SQLite3::SQLException: no such column: emails.complete: SELECT "emails".* FROM "emails" WHERE "emails"."complete" = ?):
    3: <%= link_to "New Email", new_email_path, id: "new_link" %>
    4: <h2>Incomplete Emails</h2>
    5: <div class="emails" id="not_read_emails">
    6:   <%= render @not_read_emails %>
    7: </div>
    8: <h2>Comlpete Emails</h2>
    9: <div class="emails" id="read_emails">
  
app/views/emails/index.html.erb:6:in `_app_views_emails_index_html_erb__864298101159924128_70068499443940'
Started GET "/" for 127.0.0.1 at 2018-08-24 00:26:36 +0200
Processing by EmailsController#index as HTML
  Rendering emails/index.html.erb within layouts/application
  [1m[36mEmail Load (0.9ms)[0m  [1m[34mSELECT "emails".* FROM "emails" WHERE "emails"."complete" = ?[0m  [["complete", 1]]
  ↳ app/views/emails/index.html.erb:6
  Rendered emails/index.html.erb within layouts/application (3.0ms)
Completed 500 Internal Server Error in 7ms (ActiveRecord: 0.9ms)


  
ActionView::Template::Error (SQLite3::SQLException: no such column: emails.complete: SELECT "emails".* FROM "emails" WHERE "emails"."complete" = ?):
    3: <%= link_to "New Email", new_email_path, id: "new_link" %>
    4: <h2>Incomplete Emails</h2>
    5: <div class="emails" id="not_read_emails">
    6:   <%= render @not_read_emails %>
    7: </div>
    8: <h2>Comlpete Emails</h2>
    9: <div class="emails" id="read_emails">
  
app/views/emails/index.html.erb:6:in `_app_views_emails_index_html_erb__864298101159924128_70068500396820'
Started GET "/" for 127.0.0.1 at 2018-08-24 00:27:41 +0200
Processing by EmailsController#index as HTML
  Rendering emails/index.html.erb within layouts/application
  [1m[36mEmail Load (0.2ms)[0m  [1m[34mSELECT "emails".* FROM "emails" WHERE "emails"."read" = ?[0m  [["read", 1]]
  ↳ app/views/emails/index.html.erb:6
  Rendered collection of emails/_email.html.erb [1 times] (62.7ms)
  [1m[36mEmail Load (1.1ms)[0m  [1m[34mSELECT "emails".* FROM "emails" WHERE "emails"."read" = ?[0m  [["read", 0]]
  ↳ app/views/emails/index.html.erb:10
  Rendered collection of emails/_email.html.erb [20 times] (37.9ms)
  Rendered emails/index.html.erb within layouts/application (121.0ms)
Completed 200 OK in 1367ms (Views: 1361.3ms | ActiveRecord: 1.9ms)


Started DELETE "/emails/1" for 127.0.0.1 at 2018-08-24 00:27:56 +0200
Processing by EmailsController#destroy as HTML
  Parameters: {"authenticity_token"=>"idFeaK9ZnWMsc3JUoq46c+ceQauCflINtNNkMT3IdanqgKzLfviQn3gXeAGn4dicp91e4GP3qrU/qEuTrTav8g==", "id"=>"1"}
  [1m[36mEmail Load (0.3ms)[0m  [1m[34mSELECT  "emails".* FROM "emails" WHERE "emails"."id" = ? LIMIT ?[0m  [["id", 1], ["LIMIT", 1]]
  ↳ app/controllers/emails_controller.rb:28
  [1m[35m (0.1ms)[0m  [1m[36mbegin transaction[0m
  ↳ app/controllers/emails_controller.rb:28
  [1m[36mEmail Destroy (1.7ms)[0m  [1m[31mDELETE FROM "emails" WHERE "emails"."id" = ?[0m  [["id", 1]]
  ↳ app/controllers/emails_controller.rb:28
  [1m[35m (89.4ms)[0m  [1m[36mcommit transaction[0m
  ↳ app/controllers/emails_controller.rb:28
Redirected to http://localhost:3000/emails
Completed 302 Found in 102ms (ActiveRecord: 91.4ms)


Started GET "/emails" for 127.0.0.1 at 2018-08-24 00:27:56 +0200
Processing by EmailsController#index as HTML
  Rendering emails/index.html.erb within layouts/application
  [1m[36mEmail Load (0.5ms)[0m  [1m[34mSELECT "emails".* FROM "emails" WHERE "emails"."read" = ?[0m  [["read", 1]]
  ↳ app/views/emails/index.html.erb:6
  Rendered collection of emails/_email.html.erb [1 times] (3.9ms)
  [1m[36mEmail Load (0.3ms)[0m  [1m[34mSELECT "emails".* FROM "emails" WHERE "emails"."read" = ?[0m  [["read", 0]]
  ↳ app/views/emails/index.html.erb:10
  Rendered collection of emails/_email.html.erb [19 times] (22.2ms)
  Rendered emails/index.html.erb within layouts/application (34.7ms)
Completed 200 OK in 61ms (Views: 55.2ms | ActiveRecord: 0.9ms)


Started PATCH "/emails/2" for 127.0.0.1 at 2018-08-24 00:28:12 +0200
Processing by EmailsController#update as HTML
  Parameters: {"utf8"=>"✓", "authenticity_token"=>"TZKLAqUXn7djqOJmIVecUIZgoLCe1uPRZeZ7Ja/FRjkuw3mhdLaSSzfM6DMkGH6/xqO/+39fG2nunVSHPzucYg==", "email"=>{"read"=>"1"}, "commit"=>"Update", "id"=>"2"}
  [1m[36mEmail Load (0.2ms)[0m  [1m[34mSELECT  "emails".* FROM "emails" WHERE "emails"."id" = ? LIMIT ?[0m  [["id", 2], ["LIMIT", 1]]
  ↳ app/controllers/emails_controller.rb:21
  [1m[35m (0.1ms)[0m  [1m[36mbegin transaction[0m
  ↳ app/controllers/emails_controller.rb:22
  [1m[36mEmail Update (1.7ms)[0m  [1m[33mUPDATE "emails" SET "read" = ?, "updated_at" = ? WHERE "emails"."id" = ?[0m  [["read", 1], ["updated_at", "2018-08-23 22:28:12.787296"], ["id", 2]]
  ↳ app/controllers/emails_controller.rb:22
  [1m[35m (97.7ms)[0m  [1m[36mcommit transaction[0m
  ↳ app/controllers/emails_controller.rb:22
Redirected to http://localhost:3000/emails
Completed 302 Found in 120ms (ActiveRecord: 99.6ms)


Started GET "/emails" for 127.0.0.1 at 2018-08-24 00:28:12 +0200
Processing by EmailsController#index as HTML
  Rendering emails/index.html.erb within layouts/application
  [1m[36mEmail Load (0.6ms)[0m  [1m[34mSELECT "emails".* FROM "emails" WHERE "emails"."read" = ?[0m  [["read", 1]]
  ↳ app/views/emails/index.html.erb:6
  Rendered collection of emails/_email.html.erb [2 times] (7.4ms)
  [1m[36mEmail Load (1.1ms)[0m  [1m[34mSELECT "emails".* FROM "emails" WHERE "emails"."read" = ?[0m  [["read", 0]]
  ↳ app/views/emails/index.html.erb:10
  Rendered collection of emails/_email.html.erb [18 times] (18.1ms)
  Rendered emails/index.html.erb within layouts/application (38.4ms)
Completed 200 OK in 66ms (Views: 58.6ms | ActiveRecord: 1.7ms)


Started PATCH "/emails/3" for 127.0.0.1 at 2018-08-24 00:28:15 +0200
Processing by EmailsController#update as HTML
  Parameters: {"utf8"=>"✓", "authenticity_token"=>"WDY/YZsdzwnC9m9N0oKz02S2O42NjiS8FwMnQCrupfw7Z83CSrzC9ZaSZRjXzVE8JHUkxmwH3ASceAjiuhB/pw==", "email"=>{"read"=>"1"}, "commit"=>"Update", "id"=>"3"}
  [1m[36mEmail Load (0.5ms)[0m  [1m[34mSELECT  "emails".* FROM "emails" WHERE "emails"."id" = ? LIMIT ?[0m  [["id", 3], ["LIMIT", 1]]
  ↳ app/controllers/emails_controller.rb:21
  [1m[35m (0.2ms)[0m  [1m[36mbegin transaction[0m
  ↳ app/controllers/emails_controller.rb:22
  [1m[36mEmail Update (1.4ms)[0m  [1m[33mUPDATE "emails" SET "read" = ?, "updated_at" = ? WHERE "emails"."id" = ?[0m  [["read", 1], ["updated_at", "2018-08-23 22:28:15.613963"], ["id", 3]]
  ↳ app/controllers/emails_controller.rb:22
  [1m[35m (98.7ms)[0m  [1m[36mcommit transaction[0m
  ↳ app/controllers/emails_controller.rb:22
Redirected to http://localhost:3000/emails
Completed 302 Found in 117ms (ActiveRecord: 100.8ms)


Started GET "/emails" for 127.0.0.1 at 2018-08-24 00:28:15 +0200
Processing by EmailsController#index as HTML
  Rendering emails/index.html.erb within layouts/application
  [1m[36mEmail Load (1.0ms)[0m  [1m[34mSELECT "emails".* FROM "emails" WHERE "emails"."read" = ?[0m  [["read", 1]]
  ↳ app/views/emails/index.html.erb:6
  Rendered collection of emails/_email.html.erb [3 times] (20.3ms)
  [1m[36mEmail Load (1.4ms)[0m  [1m[34mSELECT "emails".* FROM "emails" WHERE "emails"."read" = ?[0m  [["read", 0]]
  ↳ app/views/emails/index.html.erb:10
  Rendered collection of emails/_email.html.erb [17 times] (19.0ms)
  Rendered emails/index.html.erb within layouts/application (56.9ms)
Completed 200 OK in 91ms (Views: 81.1ms | ActiveRecord: 2.5ms)


Started PATCH "/emails/4" for 127.0.0.1 at 2018-08-24 00:28:17 +0200
Processing by EmailsController#update as HTML
  Parameters: {"utf8"=>"✓", "authenticity_token"=>"TwhhyykUqwYoVcdcXwCQ+C8Y4psDVB41qC1qdl0o+XUsWZNo+LWm+nwxzQlaT3IXb9v90OLd5o0jVkXUzdYjLg==", "email"=>{"read"=>"1"}, "commit"=>"Update", "id"=>"4"}
  [1m[36mEmail Load (0.5ms)[0m  [1m[34mSELECT  "emails".* FROM "emails" WHERE "emails"."id" = ? LIMIT ?[0m  [["id", 4], ["LIMIT", 1]]
  ↳ app/controllers/emails_controller.rb:21
  [1m[35m (0.5ms)[0m  [1m[36mbegin transaction[0m
  ↳ app/controllers/emails_controller.rb:22
  [1m[36mEmail Update (6.3ms)[0m  [1m[33mUPDATE "emails" SET "read" = ?, "updated_at" = ? WHERE "emails"."id" = ?[0m  [["read", 1], ["updated_at", "2018-08-23 22:28:17.639021"], ["id", 4]]
  ↳ app/controllers/emails_controller.rb:22
  [1m[35m (91.8ms)[0m  [1m[36mcommit transaction[0m
  ↳ app/controllers/emails_controller.rb:22
Redirected to http://localhost:3000/emails
Completed 302 Found in 121ms (ActiveRecord: 99.1ms)


Started GET "/emails" for 127.0.0.1 at 2018-08-24 00:28:17 +0200
Processing by EmailsController#index as HTML
  Rendering emails/index.html.erb within layouts/application
  [1m[36mEmail Load (0.7ms)[0m  [1m[34mSELECT "emails".* FROM "emails" WHERE "emails"."read" = ?[0m  [["read", 1]]
  ↳ app/views/emails/index.html.erb:6
  Rendered collection of emails/_email.html.erb [4 times] (5.0ms)
  [1m[36mEmail Load (0.4ms)[0m  [1m[34mSELECT "emails".* FROM "emails" WHERE "emails"."read" = ?[0m  [["read", 0]]
  ↳ app/views/emails/index.html.erb:10
  Rendered collection of emails/_email.html.erb [16 times] (11.2ms)
  Rendered emails/index.html.erb within layouts/application (31.7ms)
Completed 200 OK in 74ms (Views: 64.7ms | ActiveRecord: 1.1ms)


Started GET "/emails" for 127.0.0.1 at 2018-08-24 00:32:17 +0200
Processing by EmailsController#index as HTML
  Rendering emails/index.html.erb within layouts/application
  [1m[36mEmail Load (0.5ms)[0m  [1m[34mSELECT "emails".* FROM "emails" WHERE "emails"."read" = ?[0m  [["read", 1]]
  ↳ app/views/emails/index.html.erb:6
  Rendered collection of emails/_email.html.erb [4 times] (3.3ms)
  [1m[36mEmail Load (0.3ms)[0m  [1m[34mSELECT "emails".* FROM "emails" WHERE "emails"."read" = ?[0m  [["read", 0]]
  ↳ app/views/emails/index.html.erb:10
  Rendered collection of emails/_email.html.erb [16 times] (9.9ms)
  Rendered emails/index.html.erb within layouts/application (19.6ms)
Completed 200 OK in 36ms (Views: 32.9ms | ActiveRecord: 0.8ms)


Started GET "/emails" for 127.0.0.1 at 2018-08-24 00:34:36 +0200
Processing by EmailsController#index as HTML
  Rendering emails/index.html.erb within layouts/application
  [1m[36mEmail Load (0.8ms)[0m  [1m[34mSELECT "emails".* FROM "emails" WHERE "emails"."read" = ?[0m  [["read", 0]]
  ↳ app/views/emails/index.html.erb:7
  Rendered collection of emails/_email.html.erb [16 times] (41.5ms)
  [1m[36mEmail Load (0.3ms)[0m  [1m[34mSELECT "emails".* FROM "emails" WHERE "emails"."read" = ?[0m  [["read", 1]]
  ↳ app/views/emails/index.html.erb:12
  Rendered collection of emails/_email.html.erb [4 times] (2.6ms)
  Rendered emails/index.html.erb within layouts/application (54.5ms)
Completed 200 OK in 85ms (Views: 78.6ms | ActiveRecord: 1.0ms)


Started PATCH "/emails/5" for 127.0.0.1 at 2018-08-24 00:34:39 +0200
Processing by EmailsController#update as HTML
  Parameters: {"utf8"=>"✓", "authenticity_token"=>"djVZbXRhdUW7NQB93ejTbFKn8zJAzwqD3ryDesSWahcVZKvOpcB4ue9RCijYpzGDEmTseaFG8jtVx6zYVGiwTA==", "email"=>{"read"=>"1"}, "commit"=>"Marquer comme lu", "id"=>"5"}
  [1m[36mEmail Load (0.5ms)[0m  [1m[34mSELECT  "emails".* FROM "emails" WHERE "emails"."id" = ? LIMIT ?[0m  [["id", 5], ["LIMIT", 1]]
  ↳ app/controllers/emails_controller.rb:21
  [1m[35m (0.3ms)[0m  [1m[36mbegin transaction[0m
  ↳ app/controllers/emails_controller.rb:22
  [1m[36mEmail Update (16.6ms)[0m  [1m[33mUPDATE "emails" SET "read" = ?, "updated_at" = ? WHERE "emails"."id" = ?[0m  [["read", 1], ["updated_at", "2018-08-23 22:34:39.964571"], ["id", 5]]
  ↳ app/controllers/emails_controller.rb:22
  [1m[35m (71.3ms)[0m  [1m[36mcommit transaction[0m
  ↳ app/controllers/emails_controller.rb:22
Redirected to http://localhost:3000/emails
Completed 302 Found in 108ms (ActiveRecord: 88.7ms)


Started GET "/emails" for 127.0.0.1 at 2018-08-24 00:34:40 +0200
Processing by EmailsController#index as HTML
  Rendering emails/index.html.erb within layouts/application
  [1m[36mEmail Load (0.8ms)[0m  [1m[34mSELECT "emails".* FROM "emails" WHERE "emails"."read" = ?[0m  [["read", 0]]
  ↳ app/views/emails/index.html.erb:7
  Rendered collection of emails/_email.html.erb [15 times] (21.8ms)
  [1m[36mEmail Load (0.3ms)[0m  [1m[34mSELECT "emails".* FROM "emails" WHERE "emails"."read" = ?[0m  [["read", 1]]
  ↳ app/views/emails/index.html.erb:12
  Rendered collection of emails/_email.html.erb [5 times] (4.5ms)
  Rendered emails/index.html.erb within layouts/application (37.9ms)
Completed 200 OK in 70ms (Views: 59.6ms | ActiveRecord: 1.2ms)


Started PATCH "/emails/6" for 127.0.0.1 at 2018-08-24 00:34:54 +0200
Processing by EmailsController#update as HTML
  Parameters: {"utf8"=>"✓", "authenticity_token"=>"F4F9B+4BO2ub5RMZdwQTUKPI0Z1pZIRMEE2lYKeL43h00I+kP6A2l8+BGUxyS/G/4wvO1ojtfPSbNorCN3U5Iw==", "email"=>{"read"=>"0"}, "commit"=>"Marquer comme lu", "id"=>"6"}
  [1m[36mEmail Load (0.5ms)[0m  [1m[34mSELECT  "emails".* FROM "emails" WHERE "emails"."id" = ? LIMIT ?[0m  [["id", 6], ["LIMIT", 1]]
  ↳ app/controllers/emails_controller.rb:21
  [1m[35m (0.1ms)[0m  [1m[36mbegin transaction[0m
  ↳ app/controllers/emails_controller.rb:22
  [1m[35m (0.2ms)[0m  [1m[36mcommit transaction[0m
  ↳ app/controllers/emails_controller.rb:22
Redirected to http://localhost:3000/emails
Completed 302 Found in 10ms (ActiveRecord: 0.9ms)


Started GET "/emails" for 127.0.0.1 at 2018-08-24 00:34:54 +0200
Processing by EmailsController#index as HTML
  Rendering emails/index.html.erb within layouts/application
  [1m[36mEmail Load (0.4ms)[0m  [1m[34mSELECT "emails".* FROM "emails" WHERE "emails"."read" = ?[0m  [["read", 0]]
  ↳ app/views/emails/index.html.erb:7
  Rendered collection of emails/_email.html.erb [15 times] (11.4ms)
  [1m[36mEmail Load (0.2ms)[0m  [1m[34mSELECT "emails".* FROM "emails" WHERE "emails"."read" = ?[0m  [["read", 1]]
  ↳ app/views/emails/index.html.erb:12
  Rendered collection of emails/_email.html.erb [5 times] (2.3ms)
  Rendered emails/index.html.erb within layouts/application (19.1ms)
Completed 200 OK in 42ms (Views: 37.0ms | ActiveRecord: 0.6ms)


Started PATCH "/emails/6" for 127.0.0.1 at 2018-08-24 00:34:56 +0200
Processing by EmailsController#update as HTML
  Parameters: {"utf8"=>"✓", "authenticity_token"=>"5NkeTnXz+viCfnVsZ0lK5c6HUaDwfXbbbRWhxXmGhPWHiOztpFL3BNYafzliBqgKjkRO6xH0jmPmbo5n6Xherg==", "email"=>{"read"=>"0"}, "commit"=>"Marquer comme lu", "id"=>"6"}
  [1m[36mEmail Load (0.5ms)[0m  [1m[34mSELECT  "emails".* FROM "emails" WHERE "emails"."id" = ? LIMIT ?[0m  [["id", 6], ["LIMIT", 1]]
  ↳ app/controllers/emails_controller.rb:21
  [1m[35m (0.3ms)[0m  [1m[36mbegin transaction[0m
  ↳ app/controllers/emails_controller.rb:22
  [1m[35m (0.3ms)[0m  [1m[36mcommit transaction[0m
  ↳ app/controllers/emails_controller.rb:22
Redirected to http://localhost:3000/emails
Completed 302 Found in 14ms (ActiveRecord: 1.1ms)


Started GET "/emails" for 127.0.0.1 at 2018-08-24 00:34:56 +0200
Processing by EmailsController#index as HTML
  Rendering emails/index.html.erb within layouts/application
  [1m[36mEmail Load (1.1ms)[0m  [1m[34mSELECT "emails".* FROM "emails" WHERE "emails"."read" = ?[0m  [["read", 0]]
  ↳ app/views/emails/index.html.erb:7
  Rendered collection of emails/_email.html.erb [15 times] (12.6ms)
  [1m[36mEmail Load (0.2ms)[0m  [1m[34mSELECT "emails".* FROM "emails" WHERE "emails"."read" = ?[0m  [["read", 1]]
  ↳ app/views/emails/index.html.erb:12
  Rendered collection of emails/_email.html.erb [5 times] (5.4ms)
  Rendered emails/index.html.erb within layouts/application (43.8ms)
Completed 200 OK in 68ms (Views: 60.0ms | ActiveRecord: 1.4ms)


Started PATCH "/emails/6" for 127.0.0.1 at 2018-08-24 00:34:58 +0200
Processing by EmailsController#update as HTML
  Parameters: {"utf8"=>"✓", "authenticity_token"=>"T5CUREiqS0GRunPfLRc1NRQv2gu0ov6Vi/smY/fa0ugswWbnmQtGvcXeeYooWNfaVOzFQFUrBi0AgAnBZyQIsw==", "email"=>{"read"=>"1"}, "commit"=>"Marquer comme lu", "id"=>"6"}
  [1m[36mEmail Load (0.5ms)[0m  [1m[34mSELECT  "emails".* FROM "emails" WHERE "emails"."id" = ? LIMIT ?[0m  [["id", 6], ["LIMIT", 1]]
  ↳ app/controllers/emails_controller.rb:21
  [1m[35m (0.2ms)[0m  [1m[36mbegin transaction[0m
  ↳ app/controllers/emails_controller.rb:22
  [1m[36mEmail Update (4.0ms)[0m  [1m[33mUPDATE "emails" SET "read" = ?, "updated_at" = ? WHERE "emails"."id" = ?[0m  [["read", 1], ["updated_at", "2018-08-23 22:34:58.464997"], ["id", 6]]
  ↳ app/controllers/emails_controller.rb:22
  [1m[35m (114.8ms)[0m  [1m[36mcommit transaction[0m
  ↳ app/controllers/emails_controller.rb:22
Redirected to http://localhost:3000/emails
Completed 302 Found in 137ms (ActiveRecord: 119.5ms)


Started GET "/emails" for 127.0.0.1 at 2018-08-24 00:34:58 +0200
Processing by EmailsController#index as HTML
  Rendering emails/index.html.erb within layouts/application
  [1m[36mEmail Load (0.4ms)[0m  [1m[34mSELECT "emails".* FROM "emails" WHERE "emails"."read" = ?[0m  [["read", 0]]
  ↳ app/views/emails/index.html.erb:7
  Rendered collection of emails/_email.html.erb [14 times] (17.0ms)
  [1m[36mEmail Load (0.2ms)[0m  [1m[34mSELECT "emails".* FROM "emails" WHERE "emails"."read" = ?[0m  [["read", 1]]
  ↳ app/views/emails/index.html.erb:12
  Rendered collection of emails/_email.html.erb [6 times] (4.7ms)
  Rendered emails/index.html.erb within layouts/application (26.9ms)
Completed 200 OK in 53ms (Views: 47.7ms | ActiveRecord: 0.7ms)


Started GET "/emails" for 127.0.0.1 at 2018-08-24 00:35:21 +0200
Processing by EmailsController#index as HTML
  Rendering emails/index.html.erb within layouts/application
  [1m[36mEmail Load (0.3ms)[0m  [1m[34mSELECT "emails".* FROM "emails" WHERE "emails"."read" = ?[0m  [["read", 0]]
  ↳ app/views/emails/index.html.erb:7
  Rendered collection of emails/_email.html.erb [14 times] (14.0ms)
  [1m[36mEmail Load (0.3ms)[0m  [1m[34mSELECT "emails".* FROM "emails" WHERE "emails"."read" = ?[0m  [["read", 1]]
  ↳ app/views/emails/index.html.erb:12
  Rendered collection of emails/_email.html.erb [6 times] (4.8ms)
  Rendered emails/index.html.erb within layouts/application (25.6ms)
Completed 200 OK in 43ms (Views: 41.8ms | ActiveRecord: 0.7ms)


Started GET "/emails" for 127.0.0.1 at 2018-08-24 00:36:57 +0200
Processing by EmailsController#index as HTML
  Rendering emails/index.html.erb within layouts/application
  [1m[36mEmail Load (0.9ms)[0m  [1m[34mSELECT "emails".* FROM "emails" WHERE "emails"."read" = ?[0m  [["read", 0]]
  ↳ app/views/emails/index.html.erb:7
  Rendered collection of emails/_email.html.erb [14 times] (20.5ms)
  [1m[36mEmail Load (0.2ms)[0m  [1m[34mSELECT "emails".* FROM "emails" WHERE "emails"."read" = ?[0m  [["read", 1]]
  ↳ app/views/emails/index.html.erb:12
  Rendered collection of emails/_email.html.erb [6 times] (8.8ms)
  Rendered emails/index.html.erb within layouts/application (41.4ms)
Completed 200 OK in 65ms (Views: 58.6ms | ActiveRecord: 1.1ms)


Started GET "/emails" for 127.0.0.1 at 2018-08-24 00:36:58 +0200
Processing by EmailsController#index as HTML
  Rendering emails/index.html.erb within layouts/application
  [1m[36mEmail Load (0.7ms)[0m  [1m[34mSELECT "emails".* FROM "emails" WHERE "emails"."read" = ?[0m  [["read", 0]]
  ↳ app/views/emails/index.html.erb:7
  Rendered collection of emails/_email.html.erb [14 times] (29.8ms)
  [1m[36mEmail Load (0.3ms)[0m  [1m[34mSELECT "emails".* FROM "emails" WHERE "emails"."read" = ?[0m  [["read", 1]]
  ↳ app/views/emails/index.html.erb:12
  Rendered collection of emails/_email.html.erb [6 times] (5.4ms)
  Rendered emails/index.html.erb within layouts/application (48.3ms)
Completed 200 OK in 77ms (Views: 70.4ms | ActiveRecord: 1.1ms)


Started PATCH "/emails/7" for 127.0.0.1 at 2018-08-24 00:37:00 +0200
Processing by EmailsController#update as HTML
  Parameters: {"utf8"=>"✓", "authenticity_token"=>"AwOXEpP3SzFfL+E+sZ5ZJVwEO2L9q1ZTAgznnfzqVVpgUmWxQlZGzQtL62u00bvKHMckKRwiruuJd8g/bBSPAQ==", "email"=>{"read"=>"0"}, "commit"=>"Marquer comme lu", "id"=>"7"}
  [1m[36mEmail Load (0.8ms)[0m  [1m[34mSELECT  "emails".* FROM "emails" WHERE "emails"."id" = ? LIMIT ?[0m  [["id", 7], ["LIMIT", 1]]
  ↳ app/controllers/emails_controller.rb:21
  [1m[35m (0.3ms)[0m  [1m[36mbegin transaction[0m
  ↳ app/controllers/emails_controller.rb:22
  [1m[35m (0.3ms)[0m  [1m[36mcommit transaction[0m
  ↳ app/controllers/emails_controller.rb:22
Redirected to http://localhost:3000/emails
Completed 302 Found in 15ms (ActiveRecord: 1.4ms)


Started GET "/emails" for 127.0.0.1 at 2018-08-24 00:37:00 +0200
Processing by EmailsController#index as HTML
  Rendering emails/index.html.erb within layouts/application
  [1m[36mEmail Load (0.7ms)[0m  [1m[34mSELECT "emails".* FROM "emails" WHERE "emails"."read" = ?[0m  [["read", 0]]
  ↳ app/views/emails/index.html.erb:7
  Rendered collection of emails/_email.html.erb [14 times] (20.7ms)
  [1m[36mEmail Load (0.3ms)[0m  [1m[34mSELECT "emails".* FROM "emails" WHERE "emails"."read" = ?[0m  [["read", 1]]
  ↳ app/views/emails/index.html.erb:12
  Rendered collection of emails/_email.html.erb [6 times] (8.0ms)
  Rendered emails/index.html.erb within layouts/application (37.2ms)
Completed 200 OK in 64ms (Views: 57.1ms | ActiveRecord: 1.0ms)


Started PATCH "/emails/8" for 127.0.0.1 at 2018-08-24 00:37:04 +0200
Processing by EmailsController#update as HTML
  Parameters: {"utf8"=>"✓", "authenticity_token"=>"CCyRitAQ48L01Gb9PJ0jGMQlZ1QyN4wa82KOLjAYph1rfWMpAbHuPqCwbKg50sH3hOZ4H9O+dKJ4GaGMoOZ8Rg==", "email"=>{"read"=>"0"}, "commit"=>"Marquer comme lu", "id"=>"8"}
  [1m[36mEmail Load (0.5ms)[0m  [1m[34mSELECT  "emails".* FROM "emails" WHERE "emails"."id" = ? LIMIT ?[0m  [["id", 8], ["LIMIT", 1]]
  ↳ app/controllers/emails_controller.rb:21
  [1m[35m (0.7ms)[0m  [1m[36mbegin transaction[0m
  ↳ app/controllers/emails_controller.rb:22
  [1m[35m (0.3ms)[0m  [1m[36mcommit transaction[0m
  ↳ app/controllers/emails_controller.rb:22
Redirected to http://localhost:3000/emails
Completed 302 Found in 14ms (ActiveRecord: 1.5ms)


Started GET "/emails" for 127.0.0.1 at 2018-08-24 00:37:04 +0200
Processing by EmailsController#index as HTML
  Rendering emails/index.html.erb within layouts/application
  [1m[36mEmail Load (0.3ms)[0m  [1m[34mSELECT "emails".* FROM "emails" WHERE "emails"."read" = ?[0m  [["read", 0]]
  ↳ app/views/emails/index.html.erb:7
  Rendered collection of emails/_email.html.erb [14 times] (14.4ms)
  [1m[36mEmail Load (0.2ms)[0m  [1m[34mSELECT "emails".* FROM "emails" WHERE "emails"."read" = ?[0m  [["read", 1]]
  ↳ app/views/emails/index.html.erb:12
  Rendered collection of emails/_email.html.erb [6 times] (3.0ms)
  Rendered emails/index.html.erb within layouts/application (21.9ms)
Completed 200 OK in 42ms (Views: 39.0ms | ActiveRecord: 0.5ms)


Started PATCH "/emails/7" for 127.0.0.1 at 2018-08-24 00:37:05 +0200
Processing by EmailsController#update as HTML
  Parameters: {"utf8"=>"✓", "authenticity_token"=>"RlfRHOWH1cny9E9+KW/aoBCctbAzeYzcwgwSPHTp0FwlBiO/NCbYNaaQRSssIDhPUF+q+9LwdGRJdz2e5BcKBw==", "email"=>{"read"=>"0"}, "commit"=>"Marquer comme lu", "id"=>"7"}
  [1m[36mEmail Load (0.5ms)[0m  [1m[34mSELECT  "emails".* FROM "emails" WHERE "emails"."id" = ? LIMIT ?[0m  [["id", 7], ["LIMIT", 1]]
  ↳ app/controllers/emails_controller.rb:21
  [1m[35m (0.3ms)[0m  [1m[36mbegin transaction[0m
  ↳ app/controllers/emails_controller.rb:22
  [1m[35m (0.2ms)[0m  [1m[36mcommit transaction[0m
  ↳ app/controllers/emails_controller.rb:22
Redirected to http://localhost:3000/emails
Completed 302 Found in 15ms (ActiveRecord: 1.0ms)


Started GET "/emails" for 127.0.0.1 at 2018-08-24 00:37:05 +0200
Processing by EmailsController#index as HTML
  Rendering emails/index.html.erb within layouts/application
  [1m[36mEmail Load (2.0ms)[0m  [1m[34mSELECT "emails".* FROM "emails" WHERE "emails"."read" = ?[0m  [["read", 0]]
  ↳ app/views/emails/index.html.erb:7
  Rendered collection of emails/_email.html.erb [14 times] (20.1ms)
  [1m[36mEmail Load (0.3ms)[0m  [1m[34mSELECT "emails".* FROM "emails" WHERE "emails"."read" = ?[0m  [["read", 1]]
  ↳ app/views/emails/index.html.erb:12
  Rendered collection of emails/_email.html.erb [6 times] (5.8ms)
  Rendered emails/index.html.erb within layouts/application (37.4ms)
Completed 200 OK in 62ms (Views: 55.5ms | ActiveRecord: 2.3ms)


Started PATCH "/emails/7" for 127.0.0.1 at 2018-08-24 00:37:08 +0200
Processing by EmailsController#update as HTML
  Parameters: {"utf8"=>"✓", "authenticity_token"=>"O3I2A1V4UuAME5WZoEA6NgUjK+tNMF3nU4zy3Zir8FxYI8SghNlfHFh3n8ylD9jZReA0oKy5pV/Y991/CFUqBw==", "email"=>{"read"=>"1"}, "commit"=>"Marquer comme lu", "id"=>"7"}
  [1m[36mEmail Load (0.5ms)[0m  [1m[34mSELECT  "emails".* FROM "emails" WHERE "emails"."id" = ? LIMIT ?[0m  [["id", 7], ["LIMIT", 1]]
  ↳ app/controllers/emails_controller.rb:21
  [1m[35m (0.3ms)[0m  [1m[36mbegin transaction[0m
  ↳ app/controllers/emails_controller.rb:22
  [1m[36mEmail Update (6.5ms)[0m  [1m[33mUPDATE "emails" SET "read" = ?, "updated_at" = ? WHERE "emails"."id" = ?[0m  [["read", 1], ["updated_at", "2018-08-23 22:37:08.315171"], ["id", 7]]
  ↳ app/controllers/emails_controller.rb:22
  [1m[35m (67.7ms)[0m  [1m[36mcommit transaction[0m
  ↳ app/controllers/emails_controller.rb:22
Redirected to http://localhost:3000/emails
Completed 302 Found in 98ms (ActiveRecord: 74.9ms)


Started GET "/emails" for 127.0.0.1 at 2018-08-24 00:37:08 +0200
Processing by EmailsController#index as HTML
  Rendering emails/index.html.erb within layouts/application
  [1m[36mEmail Load (0.4ms)[0m  [1m[34mSELECT "emails".* FROM "emails" WHERE "emails"."read" = ?[0m  [["read", 0]]
  ↳ app/views/emails/index.html.erb:7
  Rendered collection of emails/_email.html.erb [13 times] (19.9ms)
  [1m[36mEmail Load (0.3ms)[0m  [1m[34mSELECT "emails".* FROM "emails" WHERE "emails"."read" = ?[0m  [["read", 1]]
  ↳ app/views/emails/index.html.erb:12
  Rendered collection of emails/_email.html.erb [7 times] (8.7ms)
  Rendered emails/index.html.erb within layouts/application (34.8ms)
Completed 200 OK in 56ms (Views: 53.9ms | ActiveRecord: 0.7ms)


Started GET "/emails" for 127.0.0.1 at 2018-08-24 00:38:24 +0200
Processing by EmailsController#index as HTML
  Rendering emails/index.html.erb within layouts/application
  [1m[36mEmail Load (0.2ms)[0m  [1m[34mSELECT "emails".* FROM "emails" WHERE "emails"."read" = ?[0m  [["read", 0]]
  ↳ app/views/emails/index.html.erb:7
  Rendered collection of emails/_email.html.erb [13 times] (15.7ms)
  [1m[36mEmail Load (0.2ms)[0m  [1m[34mSELECT "emails".* FROM "emails" WHERE "emails"."read" = ?[0m  [["read", 1]]
  ↳ app/views/emails/index.html.erb:12
  Rendered collection of emails/_email.html.erb [7 times] (7.4ms)
  Rendered emails/index.html.erb within layouts/application (30.1ms)
Completed 200 OK in 53ms (Views: 51.4ms | ActiveRecord: 0.5ms)


Started GET "/emails" for 127.0.0.1 at 2018-08-24 00:38:55 +0200
Processing by EmailsController#index as HTML
  Rendering emails/index.html.erb within layouts/application
  [1m[36mEmail Load (0.6ms)[0m  [1m[34mSELECT "emails".* FROM "emails" WHERE "emails"."read" = ?[0m  [["read", 0]]
  ↳ app/views/emails/index.html.erb:7
  Rendered collection of emails/_email.html.erb [13 times] (26.4ms)
  [1m[36mEmail Load (0.5ms)[0m  [1m[34mSELECT "emails".* FROM "emails" WHERE "emails"."read" = ?[0m  [["read", 1]]
  ↳ app/views/emails/index.html.erb:12
  Rendered collection of emails/_email.html.erb [7 times] (17.3ms)
  Rendered emails/index.html.erb within layouts/application (57.5ms)
Completed 200 OK in 90ms (Views: 83.0ms | ActiveRecord: 1.1ms)


Started GET "/emails" for 127.0.0.1 at 2018-08-24 00:39:05 +0200
Processing by EmailsController#index as HTML
  Rendering emails/index.html.erb within layouts/application
  [1m[36mEmail Load (0.7ms)[0m  [1m[34mSELECT "emails".* FROM "emails" WHERE "emails"."read" = ?[0m  [["read", 0]]
  ↳ app/views/emails/index.html.erb:7
  Rendered collection of emails/_email.html.erb [13 times] (12.7ms)
  [1m[36mEmail Load (0.4ms)[0m  [1m[34mSELECT "emails".* FROM "emails" WHERE "emails"."read" = ?[0m  [["read", 1]]
  ↳ app/views/emails/index.html.erb:12
  Rendered collection of emails/_email.html.erb [7 times] (8.8ms)
  Rendered emails/index.html.erb within layouts/application (31.8ms)
Completed 200 OK in 52ms (Views: 49.7ms | ActiveRecord: 1.1ms)


Started GET "/emails" for 127.0.0.1 at 2018-08-24 00:40:05 +0200
Processing by EmailsController#index as HTML
  Rendering emails/index.html.erb within layouts/application
  [1m[36mEmail Load (0.2ms)[0m  [1m[34mSELECT "emails".* FROM "emails" WHERE "emails"."read" = ?[0m  [["read", 0]]
  ↳ app/views/emails/index.html.erb:7
  Rendered collection of emails/_email.html.erb [13 times] (13.4ms)
  [1m[36mEmail Load (0.7ms)[0m  [1m[34mSELECT "emails".* FROM "emails" WHERE "emails"."read" = ?[0m  [["read", 1]]
  ↳ app/views/emails/index.html.erb:12
  Rendered collection of emails/_email.html.erb [7 times] (4.3ms)
  Rendered emails/index.html.erb within layouts/application (24.9ms)
Completed 200 OK in 41ms (Views: 39.1ms | ActiveRecord: 1.0ms)


Started GET "/emails" for 127.0.0.1 at 2018-08-24 00:48:20 +0200
Processing by EmailsController#index as HTML
  Rendering emails/index.html.erb within layouts/application
  [1m[36mEmail Load (0.2ms)[0m  [1m[34mSELECT "emails".* FROM "emails" WHERE "emails"."read" = ?[0m  [["read", 0]]
  ↳ app/views/emails/index.html.erb:7
  Rendered collection of emails/_email.html.erb [13 times] (5.8ms)
  [1m[36mEmail Load (0.3ms)[0m  [1m[34mSELECT "emails".* FROM "emails" WHERE "emails"."read" = ?[0m  [["read", 1]]
  ↳ app/views/emails/index.html.erb:12
  Rendered collection of emails/_email.html.erb [7 times] (7.8ms)
  Rendered emails/index.html.erb within layouts/application (23.0ms)
Completed 200 OK in 48ms (Views: 42.2ms | ActiveRecord: 1.2ms)


Started GET "/emails" for 127.0.0.1 at 2018-08-24 00:48:21 +0200
Processing by EmailsController#index as HTML
  Rendering emails/index.html.erb within layouts/application
  [1m[36mEmail Load (0.3ms)[0m  [1m[34mSELECT "emails".* FROM "emails" WHERE "emails"."read" = ?[0m  [["read", 0]]
  ↳ app/views/emails/index.html.erb:7
  Rendered collection of emails/_email.html.erb [13 times] (10.9ms)
  [1m[36mEmail Load (0.2ms)[0m  [1m[34mSELECT "emails".* FROM "emails" WHERE "emails"."read" = ?[0m  [["read", 1]]
  ↳ app/views/emails/index.html.erb:12
  Rendered collection of emails/_email.html.erb [7 times] (2.9ms)
  Rendered emails/index.html.erb within layouts/application (18.1ms)
Completed 200 OK in 37ms (Views: 33.9ms | ActiveRecord: 0.5ms)


Started GET "/emails" for 127.0.0.1 at 2018-08-24 00:48:22 +0200
Processing by EmailsController#index as HTML
  Rendering emails/index.html.erb within layouts/application
  [1m[36mEmail Load (0.3ms)[0m  [1m[34mSELECT "emails".* FROM "emails" WHERE "emails"."read" = ?[0m  [["read", 0]]
  ↳ app/views/emails/index.html.erb:7
  Rendered collection of emails/_email.html.erb [13 times] (13.2ms)
  [1m[36mEmail Load (0.2ms)[0m  [1m[34mSELECT "emails".* FROM "emails" WHERE "emails"."read" = ?[0m  [["read", 1]]
  ↳ app/views/emails/index.html.erb:12
  Rendered collection of emails/_email.html.erb [7 times] (3.3ms)
  Rendered emails/index.html.erb within layouts/application (21.0ms)
Completed 200 OK in 39ms (Views: 37.1ms | ActiveRecord: 0.5ms)


Started GET "/emails" for 127.0.0.1 at 2018-08-24 00:48:22 +0200
Processing by EmailsController#index as HTML
  Rendering emails/index.html.erb within layouts/application
  [1m[36mEmail Load (0.4ms)[0m  [1m[34mSELECT "emails".* FROM "emails" WHERE "emails"."read" = ?[0m  [["read", 0]]
  ↳ app/views/emails/index.html.erb:7
  Rendered collection of emails/_email.html.erb [13 times] (12.7ms)
  [1m[36mEmail Load (0.2ms)[0m  [1m[34mSELECT "emails".* FROM "emails" WHERE "emails"."read" = ?[0m  [["read", 1]]
  ↳ app/views/emails/index.html.erb:12
  Rendered collection of emails/_email.html.erb [7 times] (3.3ms)
  Rendered emails/index.html.erb within layouts/application (20.8ms)
Completed 200 OK in 42ms (Views: 38.5ms | ActiveRecord: 0.6ms)


Started GET "/emails" for 127.0.0.1 at 2018-08-24 00:49:23 +0200
Processing by EmailsController#index as HTML
  Rendering emails/index.html.erb within layouts/application
  [1m[36mEmail Load (0.3ms)[0m  [1m[34mSELECT "emails".* FROM "emails" WHERE "emails"."read" = ?[0m  [["read", 0]]
  ↳ app/views/emails/index.html.erb:7
  Rendered collection of emails/_email.html.erb [13 times] (10.5ms)
  [1m[36mEmail Load (0.2ms)[0m  [1m[34mSELECT "emails".* FROM "emails" WHERE "emails"."read" = ?[0m  [["read", 1]]
  ↳ app/views/emails/index.html.erb:12
  Rendered collection of emails/_email.html.erb [7 times] (8.0ms)
  Rendered emails/index.html.erb within layouts/application (273.5ms)
Completed 500 Internal Server Error in 280ms (ActiveRecord: 0.5ms)


  
ActionView::Template::Error (undefined local variable or method `new_task_path' for #<#<Class:0x00007f742e0bc9e0>:0x00007f742cecb8d0>
Did you mean?  new_email_path):
    20:   </div>
    21: 
    22:   <div class="col-md-2 col-md-offset-4">
    23:     <%= link_to new_task_path, remote: true do %>
    24:       <button class="btn btn-default">New</button>
    25:     <% end %>
    26:   </div>
  
app/views/emails/index.html.erb:23:in `_app_views_emails_index_html_erb__864298101159924128_70068473342120'
Started GET "/emails" for 127.0.0.1 at 2018-08-24 00:50:25 +0200
Processing by EmailsController#index as HTML
  Rendering emails/index.html.erb within layouts/application
  [1m[36mEmail Load (0.2ms)[0m  [1m[34mSELECT "emails".* FROM "emails" WHERE "emails"."read" = ?[0m  [["read", 0]]
  ↳ app/views/emails/index.html.erb:7
  Rendered collection of emails/_email.html.erb [13 times] (18.0ms)
  [1m[36mEmail Load (0.2ms)[0m  [1m[34mSELECT "emails".* FROM "emails" WHERE "emails"."read" = ?[0m  [["read", 1]]
  ↳ app/views/emails/index.html.erb:12
  Rendered collection of emails/_email.html.erb [7 times] (9.7ms)
  Rendered emails/index.html.erb within layouts/application (33.9ms)
Completed 500 Internal Server Error in 37ms (ActiveRecord: 0.4ms)


  
ActionView::Template::Error ('nil' is not an ActiveModel-compatible object. It must implement :to_partial_path.):
    31: </div>
    32: 
    33: <div class="row">
    34:   <div class="col-md-7 col-md-offset-1" id="emails"><%= render @emails %></div>
    35: </div>
  
app/views/emails/index.html.erb:34:in `_app_views_emails_index_html_erb__864298101159924128_70068566463240'
Started GET "/emails" for 127.0.0.1 at 2018-08-24 00:52:16 +0200
Processing by EmailsController#index as HTML
  Rendering emails/index.html.erb within layouts/application
  [1m[36mEmail Load (0.9ms)[0m  [1m[34mSELECT "emails".* FROM "emails" WHERE "emails"."read" = ?[0m  [["read", 0]]
  ↳ app/views/emails/index.html.erb:7
  Rendered collection of emails/_email.html.erb [13 times] (49.5ms)
  [1m[36mEmail Load (0.6ms)[0m  [1m[34mSELECT "emails".* FROM "emails" WHERE "emails"."read" = ?[0m  [["read", 1]]
  ↳ app/views/emails/index.html.erb:12
  Rendered collection of emails/_email.html.erb [7 times] (10.3ms)
  Rendered emails/index.html.erb within layouts/application (74.6ms)
Completed 200 OK in 112ms (Views: 103.2ms | ActiveRecord: 1.5ms)


Started GET "/emails" for 127.0.0.1 at 2018-08-24 00:52:49 +0200
Processing by EmailsController#index as HTML
  Rendering emails/index.html.erb within layouts/application
  [1m[36mEmail Load (0.2ms)[0m  [1m[34mSELECT "emails".* FROM "emails" WHERE "emails"."read" = ?[0m  [["read", 0]]
  ↳ app/views/emails/index.html.erb:7
  Rendered collection of emails/_email.html.erb [13 times] (14.1ms)
  [1m[36mEmail Load (0.3ms)[0m  [1m[34mSELECT "emails".* FROM "emails" WHERE "emails"."read" = ?[0m  [["read", 1]]
  ↳ app/views/emails/index.html.erb:12
  Rendered collection of emails/_email.html.erb [7 times] (9.8ms)
  Rendered emails/index.html.erb within layouts/application (27.9ms)
Completed 200 OK in 49ms (Views: 47.6ms | ActiveRecord: 0.5ms)


Started GET "/emails" for 127.0.0.1 at 2018-08-24 00:54:56 +0200
Processing by EmailsController#index as HTML
  Rendering emails/index.html.erb within layouts/application
  [1m[36mEmail Load (0.5ms)[0m  [1m[34mSELECT "emails".* FROM "emails" WHERE "emails"."read" = ?[0m  [["read", 0]]
  ↳ app/views/emails/index.html.erb:6
  Rendered collection of emails/_email.html.erb [13 times] (15.7ms)
  [1m[36mEmail Load (0.2ms)[0m  [1m[34mSELECT "emails".* FROM "emails" WHERE "emails"."read" = ?[0m  [["read", 1]]
  ↳ app/views/emails/index.html.erb:11
  Rendered collection of emails/_email.html.erb [7 times] (7.3ms)
  Rendered emails/index.html.erb within layouts/application (30.0ms)
Completed 200 OK in 56ms (Views: 51.3ms | ActiveRecord: 0.7ms)


Started GET "/" for 127.0.0.1 at 2018-08-24 00:55:35 +0200
Processing by EmailsController#index as HTML
  Rendering emails/index.html.erb within layouts/application
  [1m[36mEmail Load (0.5ms)[0m  [1m[34mSELECT "emails".* FROM "emails" WHERE "emails"."read" = ?[0m  [["read", 0]]
  ↳ app/views/emails/index.html.erb:6
  Rendered collection of emails/_email.html.erb [13 times] (13.1ms)
  [1m[36mEmail Load (0.4ms)[0m  [1m[34mSELECT "emails".* FROM "emails" WHERE "emails"."read" = ?[0m  [["read", 1]]
  ↳ app/views/emails/index.html.erb:11
  Rendered collection of emails/_email.html.erb [7 times] (4.0ms)
  Rendered emails/index.html.erb within layouts/application (21.9ms)
Completed 200 OK in 52ms (Views: 47.9ms | ActiveRecord: 0.9ms)


Started GET "/" for 127.0.0.1 at 2018-08-24 00:55:37 +0200
Processing by EmailsController#index as HTML
  Rendering emails/index.html.erb within layouts/application
  [1m[36mEmail Load (0.3ms)[0m  [1m[34mSELECT "emails".* FROM "emails" WHERE "emails"."read" = ?[0m  [["read", 0]]
  ↳ app/views/emails/index.html.erb:6
  Rendered collection of emails/_email.html.erb [13 times] (13.7ms)
  [1m[36mEmail Load (0.2ms)[0m  [1m[34mSELECT "emails".* FROM "emails" WHERE "emails"."read" = ?[0m  [["read", 1]]
  ↳ app/views/emails/index.html.erb:11
  Rendered collection of emails/_email.html.erb [7 times] (4.2ms)
  Rendered emails/index.html.erb within layouts/application (22.4ms)
Completed 200 OK in 44ms (Views: 40.9ms | ActiveRecord: 0.4ms)


Started GET "/" for 127.0.0.1 at 2018-08-24 00:55:37 +0200
Processing by EmailsController#index as HTML
  Rendering emails/index.html.erb within layouts/application
  [1m[36mEmail Load (0.3ms)[0m  [1m[34mSELECT "emails".* FROM "emails" WHERE "emails"."read" = ?[0m  [["read", 0]]
  ↳ app/views/emails/index.html.erb:6
  Rendered collection of emails/_email.html.erb [13 times] (12.0ms)
  [1m[36mEmail Load (0.2ms)[0m  [1m[34mSELECT "emails".* FROM "emails" WHERE "emails"."read" = ?[0m  [["read", 1]]
  ↳ app/views/emails/index.html.erb:11
  Rendered collection of emails/_email.html.erb [7 times] (7.6ms)
  Rendered emails/index.html.erb within layouts/application (25.1ms)
Completed 200 OK in 48ms (Views: 44.7ms | ActiveRecord: 0.5ms)


Started PATCH "/emails/8" for 127.0.0.1 at 2018-08-24 00:55:42 +0200
Processing by EmailsController#update as HTML
  Parameters: {"utf8"=>"✓", "authenticity_token"=>"x+fFdsQiON/fhLCs5Myo4/YncTqaMvCggNj5461PYRektjfVFYM1I4vguvnhg0oMtuRucXu7CBgLo9ZBPbG7TA==", "email"=>{"read"=>"1"}, "commit"=>"Marquer comme lu", "id"=>"8"}
  [1m[36mEmail Load (0.9ms)[0m  [1m[34mSELECT  "emails".* FROM "emails" WHERE "emails"."id" = ? LIMIT ?[0m  [["id", 8], ["LIMIT", 1]]
  ↳ app/controllers/emails_controller.rb:25
  [1m[35m (0.3ms)[0m  [1m[36mbegin transaction[0m
  ↳ app/controllers/emails_controller.rb:26
  [1m[36mEmail Update (5.6ms)[0m  [1m[33mUPDATE "emails" SET "read" = ?, "updated_at" = ? WHERE "emails"."id" = ?[0m  [["read", 1], ["updated_at", "2018-08-23 22:55:42.807722"], ["id", 8]]
  ↳ app/controllers/emails_controller.rb:26
  [1m[35m (82.8ms)[0m  [1m[36mcommit transaction[0m
  ↳ app/controllers/emails_controller.rb:26
Redirected to http://localhost:3000/emails
Completed 302 Found in 114ms (ActiveRecord: 89.6ms)


Started GET "/emails" for 127.0.0.1 at 2018-08-24 00:55:42 +0200
Processing by EmailsController#index as HTML
  Rendering emails/index.html.erb within layouts/application
  [1m[36mEmail Load (1.0ms)[0m  [1m[34mSELECT "emails".* FROM "emails" WHERE "emails"."read" = ?[0m  [["read", 0]]
  ↳ app/views/emails/index.html.erb:6
  Rendered collection of emails/_email.html.erb [12 times] (25.1ms)
  [1m[36mEmail Load (0.3ms)[0m  [1m[34mSELECT "emails".* FROM "emails" WHERE "emails"."read" = ?[0m  [["read", 1]]
  ↳ app/views/emails/index.html.erb:11
  Rendered collection of emails/_email.html.erb [8 times] (7.7ms)
  Rendered emails/index.html.erb within layouts/application (40.2ms)
Completed 200 OK in 78ms (Views: 74.3ms | ActiveRecord: 1.3ms)


Started DELETE "/emails/9" for 127.0.0.1 at 2018-08-24 00:55:48 +0200
Processing by EmailsController#destroy as HTML
  Parameters: {"authenticity_token"=>"3FD1Oo4zhvnJoOPlLUI4DiivirBjG2INKB4B3/b8Z3a/AQeZX5KLBZ3E6bAoDdrhaGyV+4KSmrWjZS59ZgK9LQ==", "id"=>"9"}
  [1m[36mEmail Load (0.2ms)[0m  [1m[34mSELECT  "emails".* FROM "emails" WHERE "emails"."id" = ? LIMIT ?[0m  [["id", 9], ["LIMIT", 1]]
  ↳ app/controllers/emails_controller.rb:32
  [1m[35m (0.1ms)[0m  [1m[36mbegin transaction[0m
  ↳ app/controllers/emails_controller.rb:32
  [1m[36mEmail Destroy (1.2ms)[0m  [1m[31mDELETE FROM "emails" WHERE "emails"."id" = ?[0m  [["id", 9]]
  ↳ app/controllers/emails_controller.rb:32
  [1m[35m (79.3ms)[0m  [1m[36mcommit transaction[0m
  ↳ app/controllers/emails_controller.rb:32
Redirected to http://localhost:3000/emails
Completed 302 Found in 93ms (ActiveRecord: 80.7ms)


Started GET "/emails" for 127.0.0.1 at 2018-08-24 00:55:48 +0200
Processing by EmailsController#index as HTML
  Rendering emails/index.html.erb within layouts/application
  [1m[36mEmail Load (0.9ms)[0m  [1m[34mSELECT "emails".* FROM "emails" WHERE "emails"."read" = ?[0m  [["read", 0]]
  ↳ app/views/emails/index.html.erb:6
  Rendered collection of emails/_email.html.erb [11 times] (17.3ms)
  [1m[36mEmail Load (0.2ms)[0m  [1m[34mSELECT "emails".* FROM "emails" WHERE "emails"."read" = ?[0m  [["read", 1]]
  ↳ app/views/emails/index.html.erb:11
  Rendered collection of emails/_email.html.erb [8 times] (10.2ms)
  Rendered emails/index.html.erb within layouts/application (38.7ms)
Completed 200 OK in 94ms (Views: 81.9ms | ActiveRecord: 1.1ms)


Started GET "/emails" for 127.0.0.1 at 2018-08-24 00:58:58 +0200
Processing by EmailsController#index as HTML
  Rendering emails/index.html.erb within layouts/application
  [1m[36mEmail Load (0.3ms)[0m  [1m[34mSELECT "emails".* FROM "emails" WHERE "emails"."read" = ?[0m  [["read", 0]]
  ↳ app/views/emails/index.html.erb:7
  Rendered collection of emails/_email.html.erb [11 times] (10.3ms)
  [1m[36mEmail Load (0.2ms)[0m  [1m[34mSELECT "emails".* FROM "emails" WHERE "emails"."read" = ?[0m  [["read", 1]]
  ↳ app/views/emails/index.html.erb:12
  Rendered collection of emails/_email.html.erb [8 times] (3.3ms)
  Rendered emails/index.html.erb within layouts/application (17.5ms)
Completed 200 OK in 37ms (Views: 33.7ms | ActiveRecord: 0.5ms)


Started GET "/emails/new" for 127.0.0.1 at 2018-08-24 00:59:00 +0200
Processing by EmailsController#new as HTML
  Rendering emails/new.html.erb within layouts/application
  Rendered emails/_form.html.erb (160.5ms)
  Rendered emails/new.html.erb within layouts/application (162.8ms)
Completed 500 Internal Server Error in 172ms (ActiveRecord: 0.0ms)


  
ActionView::Template::Error (undefined method `input' for #<ActionView::Helpers::FormBuilder:0x00007f74245f5150>):
    1: <%= form_for @email, remote: true do |f| %>
    2:   <%= f.text_field :body %>
    3:   <%= f.submit %>
    4:   <%= f.input  :body%>
    5:   <%= f.button :submit %>
    6: <% end %>
    7: <%= link_to "New Email", new_email_path, id: "new_link", remote: true %>
  
app/views/emails/_form.html.erb:4:in `block in _app_views_emails__form_html_erb___302570862342090944_70068401586520'
app/views/emails/_form.html.erb:1:in `_app_views_emails__form_html_erb___302570862342090944_70068401586520'
app/views/emails/new.html.erb:2:in `_app_views_emails_new_html_erb__2383111837150982547_70068401600820'
Started GET "/emails/new" for 127.0.0.1 at 2018-08-24 00:59:24 +0200
Processing by EmailsController#new as HTML
  Rendering emails/new.html.erb within layouts/application
  Rendered emails/_form.html.erb (178.4ms)
  Rendered emails/new.html.erb within layouts/application (182.3ms)
Completed 500 Internal Server Error in 198ms (ActiveRecord: 0.0ms)


  
ActionView::Template::Error (undefined method `input' for #<ActionView::Helpers::FormBuilder:0x00007f743435dae0>):
    1: <%= form_for @email, remote: true do |f| %>
    2:   <%= f.text_field :body %>
    3:   <%= f.submit %>
    4:   <%= f.input  :body%>
    5:   <%= f.button :submit %>
    6: <% end %>
    7: <%= link_to "New Email", new_email_path, id: "new_link", remote: true %>
  
app/views/emails/_form.html.erb:4:in `block in _app_views_emails__form_html_erb___302570862342090944_46929497500940'
app/views/emails/_form.html.erb:1:in `_app_views_emails__form_html_erb___302570862342090944_46929497500940'
app/views/emails/new.html.erb:2:in `_app_views_emails_new_html_erb__2383111837150982547_46929502134820'
Started GET "/emails/new" for 127.0.0.1 at 2018-08-24 00:59:26 +0200
Processing by EmailsController#new as HTML
  Rendering emails/new.html.erb within layouts/application
  Rendered emails/_form.html.erb (178.1ms)
  Rendered emails/new.html.erb within layouts/application (180.1ms)
Completed 500 Internal Server Error in 186ms (ActiveRecord: 0.0ms)


  
ActionView::Template::Error (undefined method `input' for #<ActionView::Helpers::FormBuilder:0x00007f742c7c91e0>):
    1: <%= form_for @email, remote: true do |f| %>
    2:   <%= f.text_field :body %>
    3:   <%= f.submit %>
    4:   <%= f.input  :body%>
    5:   <%= f.button :submit %>
    6: <% end %>
    7: <%= link_to "New Email", new_email_path, id: "new_link", remote: true %>
  
app/views/emails/_form.html.erb:4:in `block in _app_views_emails__form_html_erb___302570862342090944_70068469744860'
app/views/emails/_form.html.erb:1:in `_app_views_emails__form_html_erb___302570862342090944_70068469744860'
app/views/emails/new.html.erb:2:in `_app_views_emails_new_html_erb__2383111837150982547_70068469874340'
Started GET "/emails/new" for 127.0.0.1 at 2018-08-24 00:59:35 +0200
Processing by EmailsController#new as HTML
  Rendering emails/new.html.erb within layouts/application
  Rendered emails/_form.html.erb (2.9ms)
  Rendered emails/new.html.erb within layouts/application (7.1ms)
Completed 200 OK in 34ms (Views: 31.6ms | ActiveRecord: 0.0ms)


Started GET "/emails" for 127.0.0.1 at 2018-08-24 00:59:39 +0200
Processing by EmailsController#index as HTML
  Rendering emails/index.html.erb within layouts/application
  [1m[36mEmail Load (0.7ms)[0m  [1m[34mSELECT "emails".* FROM "emails" WHERE "emails"."read" = ?[0m  [["read", 0]]
  ↳ app/views/emails/index.html.erb:7
  Rendered collection of emails/_email.html.erb [11 times] (17.3ms)
  [1m[36mEmail Load (0.2ms)[0m  [1m[34mSELECT "emails".* FROM "emails" WHERE "emails"."read" = ?[0m  [["read", 1]]
  ↳ app/views/emails/index.html.erb:12
  Rendered collection of emails/_email.html.erb [8 times] (5.9ms)
  Rendered emails/index.html.erb within layouts/application (30.8ms)
Completed 200 OK in 59ms (Views: 53.7ms | ActiveRecord: 0.9ms)


Started GET "/emails" for 127.0.0.1 at 2018-08-24 01:04:28 +0200
Processing by EmailsController#index as HTML
  Rendering emails/index.html.erb within layouts/application
  [1m[36mEmail Load (0.2ms)[0m  [1m[34mSELECT "emails".* FROM "emails" WHERE "emails"."read" = ?[0m  [["read", 0]]
  ↳ app/views/emails/index.html.erb:7
  Rendered collection of emails/_email.html.erb [11 times] (9.3ms)
  [1m[36mEmail Load (0.2ms)[0m  [1m[34mSELECT "emails".* FROM "emails" WHERE "emails"."read" = ?[0m  [["read", 1]]
  ↳ app/views/emails/index.html.erb:12
  Rendered collection of emails/_email.html.erb [8 times] (3.6ms)
  Rendered emails/index.html.erb within layouts/application (16.4ms)
Completed 200 OK in 38ms (Views: 36.5ms | ActiveRecord: 0.4ms)


Started GET "/emails" for 127.0.0.1 at 2018-08-24 01:04:29 +0200
Processing by EmailsController#index as HTML
  Rendering emails/index.html.erb within layouts/application
  [1m[36mEmail Load (0.2ms)[0m  [1m[34mSELECT "emails".* FROM "emails" WHERE "emails"."read" = ?[0m  [["read", 0]]
  ↳ app/views/emails/index.html.erb:7
  Rendered collection of emails/_email.html.erb [11 times] (6.3ms)
  [1m[36mEmail Load (0.2ms)[0m  [1m[34mSELECT "emails".* FROM "emails" WHERE "emails"."read" = ?[0m  [["read", 1]]
  ↳ app/views/emails/index.html.erb:12
  Rendered collection of emails/_email.html.erb [8 times] (5.6ms)
  Rendered emails/index.html.erb within layouts/application (15.8ms)
Completed 200 OK in 32ms (Views: 29.8ms | ActiveRecord: 0.4ms)


Started GET "/emails" for 127.0.0.1 at 2018-08-24 01:04:44 +0200
Processing by EmailsController#index as HTML
  Rendering emails/index.html.erb within layouts/application
  [1m[36mEmail Load (0.5ms)[0m  [1m[34mSELECT "emails".* FROM "emails" WHERE "emails"."read" = ?[0m  [["read", 0]]
  ↳ app/views/emails/index.html.erb:7
  Rendered collection of emails/_email.html.erb [11 times] (6.8ms)
  [1m[36mEmail Load (0.2ms)[0m  [1m[34mSELECT "emails".* FROM "emails" WHERE "emails"."read" = ?[0m  [["read", 1]]
  ↳ app/views/emails/index.html.erb:12
  Rendered collection of emails/_email.html.erb [8 times] (10.1ms)
  Rendered emails/index.html.erb within layouts/application (23.5ms)
Completed 200 OK in 46ms (Views: 42.0ms | ActiveRecord: 0.7ms)


Started GET "/emails" for 127.0.0.1 at 2018-08-24 01:04:45 +0200
Processing by EmailsController#index as HTML
  Rendering emails/index.html.erb within layouts/application
  [1m[36mEmail Load (0.5ms)[0m  [1m[34mSELECT "emails".* FROM "emails" WHERE "emails"."read" = ?[0m  [["read", 0]]
  ↳ app/views/emails/index.html.erb:7
  Rendered collection of emails/_email.html.erb [11 times] (7.2ms)
  [1m[36mEmail Load (0.2ms)[0m  [1m[34mSELECT "emails".* FROM "emails" WHERE "emails"."read" = ?[0m  [["read", 1]]
  ↳ app/views/emails/index.html.erb:12
  Rendered collection of emails/_email.html.erb [8 times] (5.8ms)
  Rendered emails/index.html.erb within layouts/application (18.9ms)
Completed 200 OK in 44ms (Views: 39.7ms | ActiveRecord: 0.8ms)


Started GET "/emails" for 127.0.0.1 at 2018-08-24 01:05:43 +0200
Processing by EmailsController#index as HTML
  Rendering emails/index.html.erb within layouts/application
  [1m[36mEmail Load (1.1ms)[0m  [1m[34mSELECT "emails".* FROM "emails" WHERE "emails"."read" = ?[0m  [["read", 0]]
  ↳ app/views/emails/index.html.erb:4
  Rendered collection of emails/_email.html.erb [11 times] (14.5ms)
  [1m[36mEmail Load (0.3ms)[0m  [1m[34mSELECT "emails".* FROM "emails" WHERE "emails"."read" = ?[0m  [["read", 1]]
  ↳ app/views/emails/index.html.erb:9
  Rendered collection of emails/_email.html.erb [8 times] (9.1ms)
  Rendered emails/index.html.erb within layouts/application (34.2ms)
Completed 200 OK in 65ms (Views: 56.8ms | ActiveRecord: 1.4ms)


Started GET "/emails" for 127.0.0.1 at 2018-08-24 01:10:51 +0200
Processing by EmailsController#index as HTML
  Rendering emails/index.html.erb within layouts/application
  [1m[36mEmail Load (0.4ms)[0m  [1m[34mSELECT "emails".* FROM "emails" WHERE "emails"."read" = ?[0m  [["read", 0]]
  ↳ app/views/emails/index.html.erb:4
  Rendered collection of emails/_email.html.erb [11 times] (21.6ms)
  [1m[36mEmail Load (0.3ms)[0m  [1m[34mSELECT "emails".* FROM "emails" WHERE "emails"."read" = ?[0m  [["read", 1]]
  ↳ app/views/emails/index.html.erb:9
  Rendered collection of emails/_email.html.erb [8 times] (4.1ms)
  Rendered emails/index.html.erb within layouts/application (33.3ms)
Completed 200 OK in 58ms (Views: 53.3ms | ActiveRecord: 0.7ms)


Started GET "/emails" for 127.0.0.1 at 2018-08-24 01:10:52 +0200
Processing by EmailsController#index as HTML
  Rendering emails/index.html.erb within layouts/application
  [1m[36mEmail Load (0.5ms)[0m  [1m[34mSELECT "emails".* FROM "emails" WHERE "emails"."read" = ?[0m  [["read", 0]]
  ↳ app/views/emails/index.html.erb:4
  Rendered collection of emails/_email.html.erb [11 times] (7.5ms)
  [1m[36mEmail Load (0.2ms)[0m  [1m[34mSELECT "emails".* FROM "emails" WHERE "emails"."read" = ?[0m  [["read", 1]]
  ↳ app/views/emails/index.html.erb:9
  Rendered collection of emails/_email.html.erb [8 times] (3.7ms)
  Rendered emails/index.html.erb within layouts/application (18.1ms)
Completed 200 OK in 42ms (Views: 37.4ms | ActiveRecord: 0.7ms)


Started GET "/emails" for 127.0.0.1 at 2018-08-24 01:12:57 +0200
Processing by EmailsController#index as HTML
Completed 500 Internal Server Error in 13ms (ActiveRecord: 0.3ms)


  
NoMethodError (undefined method `body' for #<Class:0x00007f742d4fd550>):
  
app/controllers/emails_controller.rb:5:in `index'
Started GET "/emails" for 127.0.0.1 at 2018-08-24 01:13:11 +0200
Processing by EmailsController#index as HTML
  [1m[36mEmail Load (0.2ms)[0m  [1m[34mSELECT  "emails".* FROM "emails" WHERE "emails"."read" = ? LIMIT ?[0m  [["read", 0], ["LIMIT", 11]]
  ↳ /var/lib/gems/2.5.0/gems/activerecord-5.2.1/lib/active_record/log_subscriber.rb:98
  [1m[36mEmail Load (0.2ms)[0m  [1m[34mSELECT  "emails".* FROM "emails" WHERE "emails"."read" = ? LIMIT ?[0m  [["read", 1], ["LIMIT", 11]]
  ↳ /var/lib/gems/2.5.0/gems/activerecord-5.2.1/lib/active_record/log_subscriber.rb:98
  [1m[36mCACHE Email Load (0.0ms)[0m  [1m[34mSELECT  "emails".* FROM "emails" WHERE "emails"."read" = ? LIMIT ?[0m  [["read", 0], ["LIMIT", 11]]
  ↳ /var/lib/gems/2.5.0/gems/activerecord-5.2.1/lib/active_record/log_subscriber.rb:98
  [1m[36mCACHE Email Load (0.1ms)[0m  [1m[34mSELECT  "emails".* FROM "emails" WHERE "emails"."read" = ? LIMIT ?[0m  [["read", 1], ["LIMIT", 11]]
  ↳ /var/lib/gems/2.5.0/gems/activerecord-5.2.1/lib/active_record/log_subscriber.rb:98
Completed 500 Internal Server Error in 208ms (ActiveRecord: 0.5ms)


  
  [1m[36mCACHE Email Load (0.0ms)[0m  [1m[34mSELECT  "emails".* FROM "emails" WHERE "emails"."read" = ? LIMIT ?[0m  [["read", 0], ["LIMIT", 11]]
  ↳ /var/lib/gems/2.5.0/gems/activerecord-5.2.1/lib/active_record/log_subscriber.rb:98
  [1m[36mCACHE Email Load (0.0ms)[0m  [1m[34mSELECT  "emails".* FROM "emails" WHERE "emails"."read" = ? LIMIT ?[0m  [["read", 1], ["LIMIT", 11]]
  ↳ /var/lib/gems/2.5.0/gems/activerecord-5.2.1/lib/active_record/log_subscriber.rb:98
NameError (undefined local variable or method `email' for #<EmailsController:0x00007f743428dea8>
Did you mean?  email_url):
  
app/controllers/emails_controller.rb:5:in `index'
Started GET "/emails" for 127.0.0.1 at 2018-08-24 01:13:20 +0200
Processing by EmailsController#index as HTML
Completed 500 Internal Server Error in 6ms (ActiveRecord: 0.5ms)


  
NoMethodError (undefined method `body' for nil:NilClass):
  
app/controllers/emails_controller.rb:5:in `index'
Started GET "/emails" for 127.0.0.1 at 2018-08-24 01:13:22 +0200
Processing by EmailsController#index as HTML
Completed 500 Internal Server Error in 5ms (ActiveRecord: 0.0ms)


  
NoMethodError (undefined method `body' for nil:NilClass):
  
app/controllers/emails_controller.rb:5:in `index'
Started GET "/emails" for 127.0.0.1 at 2018-08-24 01:13:26 +0200
Processing by EmailsController#index as HTML
  Rendering emails/index.html.erb within layouts/application
  [1m[36mEmail Load (0.2ms)[0m  [1m[34mSELECT "emails".* FROM "emails" WHERE "emails"."read" = ?[0m  [["read", 0]]
  ↳ app/views/emails/index.html.erb:4
  Rendered collection of emails/_email.html.erb [11 times] (9.2ms)
  Rendered emails/index.html.erb within layouts/application (19.5ms)
Completed 500 Internal Server Error in 27ms (ActiveRecord: 1.3ms)


  
ActionView::Template::Error ('nil' is not an ActiveModel-compatible object. It must implement :to_partial_path.):
    2: <h2>Messages non lus</h2>
    3: <div class="emails" id="read_emails">
    4:   <%= render @read_emails %>
    5:   <%= render @body_emails %>
    6: </div>
    7: 
    8: <h2>Messages lus </h2>
  
app/views/emails/index.html.erb:5:in `_app_views_emails_index_html_erb__864298101159924128_70068470987700'
Started GET "/emails" for 127.0.0.1 at 2018-08-24 01:23:57 +0200
Processing by EmailsController#index as HTML
  Rendering emails/index.html.erb within layouts/application
  [1m[36mEmail Load (0.5ms)[0m  [1m[34mSELECT "emails".* FROM "emails" WHERE "emails"."read" = ?[0m  [["read", 0]]
  ↳ app/views/emails/index.html.erb:11
  Rendered collection of emails/_email.html.erb [11 times] (16.3ms)
  [1m[36mEmail Load (0.2ms)[0m  [1m[34mSELECT "emails".* FROM "emails" WHERE "emails"."read" = ?[0m  [["read", 1]]
  ↳ app/views/emails/index.html.erb:18
  Rendered collection of emails/_email.html.erb [8 times] (8.5ms)
  Rendered emails/index.html.erb within layouts/application (31.5ms)
Completed 200 OK in 96ms (Views: 89.9ms | ActiveRecord: 0.7ms)


Started GET "/emails" for 127.0.0.1 at 2018-08-24 01:30:56 +0200
Processing by EmailsController#index as HTML
  Rendering emails/index.html.erb within layouts/application
  [1m[36mEmail Load (0.9ms)[0m  [1m[34mSELECT "emails".* FROM "emails" WHERE "emails"."read" = ?[0m  [["read", 0]]
  ↳ app/views/emails/index.html.erb:11
  Rendered collection of emails/_email.html.erb [11 times] (24.6ms)
  [1m[36mEmail Load (1.5ms)[0m  [1m[34mSELECT "emails".* FROM "emails" WHERE "emails"."read" = ?[0m  [["read", 1]]
  ↳ app/views/emails/index.html.erb:18
  Rendered collection of emails/_email.html.erb [8 times] (10.3ms)
  Rendered emails/index.html.erb within layouts/application (49.1ms)
Completed 200 OK in 77ms (Views: 69.1ms | ActiveRecord: 2.4ms)


Started GET "/emails" for 127.0.0.1 at 2018-08-24 01:34:11 +0200
Processing by EmailsController#index as HTML
  Rendering emails/index.html.erb within layouts/application
  [1m[36mEmail Load (0.8ms)[0m  [1m[34mSELECT "emails".* FROM "emails" WHERE "emails"."read" = ?[0m  [["read", 0]]
  ↳ app/views/emails/index.html.erb:11
  Rendered collection of emails/_email.html.erb [11 times] (30.4ms)
  [1m[36mEmail Load (0.4ms)[0m  [1m[34mSELECT "emails".* FROM "emails" WHERE "emails"."read" = ?[0m  [["read", 1]]
  ↳ app/views/emails/index.html.erb:18
  Rendered collection of emails/_email.html.erb [8 times] (9.1ms)
  Rendered emails/index.html.erb within layouts/application (51.4ms)
  Rendered layouts/_footer.html.erb (0.4ms)
Completed 200 OK in 83ms (Views: 77.2ms | ActiveRecord: 1.2ms)


Started GET "/emails" for 127.0.0.1 at 2018-08-24 01:34:44 +0200
Processing by EmailsController#index as HTML
  Rendering emails/index.html.erb within layouts/application
  [1m[36mEmail Load (0.3ms)[0m  [1m[34mSELECT "emails".* FROM "emails" WHERE "emails"."read" = ?[0m  [["read", 0]]
  ↳ app/views/emails/index.html.erb:11
  Rendered collection of emails/_email.html.erb [11 times] (12.7ms)
  [1m[36mEmail Load (0.2ms)[0m  [1m[34mSELECT "emails".* FROM "emails" WHERE "emails"."read" = ?[0m  [["read", 1]]
  ↳ app/views/emails/index.html.erb:18
  Rendered collection of emails/_email.html.erb [8 times] (6.5ms)
  Rendered emails/index.html.erb within layouts/application (23.8ms)
Completed 200 OK in 50ms (Views: 46.2ms | ActiveRecord: 0.4ms)


Started PATCH "/emails/12" for 127.0.0.1 at 2018-08-24 01:35:06 +0200
Processing by EmailsController#update as HTML
  Parameters: {"utf8"=>"✓", "authenticity_token"=>"YZn5aHhDTPsxEvph0d1BIjD9ORN9qTPBcbC99O/8Zk0CyAvLqeJBB2V28DTUkqPNcD4mWJwgy3n6y5JWfwK8Fg==", "email"=>{"read"=>"1"}, "commit"=>"Marquer comme lu", "id"=>"12"}
  [1m[36mEmail Load (0.3ms)[0m  [1m[34mSELECT  "emails".* FROM "emails" WHERE "emails"."id" = ? LIMIT ?[0m  [["id", 12], ["LIMIT", 1]]
  ↳ app/controllers/emails_controller.rb:26
  [1m[35m (0.1ms)[0m  [1m[36mbegin transaction[0m
  ↳ app/controllers/emails_controller.rb:27
  [1m[36mEmail Update (0.4ms)[0m  [1m[33mUPDATE "emails" SET "read" = ?, "updated_at" = ? WHERE "emails"."id" = ?[0m  [["read", 1], ["updated_at", "2018-08-23 23:35:06.210570"], ["id", 12]]
  ↳ app/controllers/emails_controller.rb:27
  [1m[35m (98.8ms)[0m  [1m[36mcommit transaction[0m
  ↳ app/controllers/emails_controller.rb:27
Redirected to http://localhost:3000/emails
Completed 302 Found in 117ms (ActiveRecord: 99.7ms)


Started GET "/emails" for 127.0.0.1 at 2018-08-24 01:35:06 +0200
Processing by EmailsController#index as HTML
  Rendering emails/index.html.erb within layouts/application
  [1m[36mEmail Load (1.3ms)[0m  [1m[34mSELECT "emails".* FROM "emails" WHERE "emails"."read" = ?[0m  [["read", 0]]
  ↳ app/views/emails/index.html.erb:11
  Rendered collection of emails/_email.html.erb [10 times] (36.6ms)
  [1m[36mEmail Load (0.8ms)[0m  [1m[34mSELECT "emails".* FROM "emails" WHERE "emails"."read" = ?[0m  [["read", 1]]
  ↳ app/views/emails/index.html.erb:18
  Rendered collection of emails/_email.html.erb [9 times] (12.8ms)
  Rendered emails/index.html.erb within layouts/application (65.7ms)
Completed 200 OK in 96ms (Views: 90.0ms | ActiveRecord: 2.1ms)


Started PATCH "/emails/11" for 127.0.0.1 at 2018-08-24 01:35:14 +0200
Processing by EmailsController#update as HTML
  Parameters: {"utf8"=>"✓", "authenticity_token"=>"M0CnzWjCoXP0YLJ1aSzx9ArRFuBuXjz9F+yp4qs4J/pQEVVuuWOsj6AEuCBsYxMbShIJq4/XxEWcl4ZAO8b9oQ==", "email"=>{"read"=>"1"}, "commit"=>"Marquer comme lu", "id"=>"11"}
  [1m[36mEmail Load (0.5ms)[0m  [1m[34mSELECT  "emails".* FROM "emails" WHERE "emails"."id" = ? LIMIT ?[0m  [["id", 11], ["LIMIT", 1]]
  ↳ app/controllers/emails_controller.rb:26
  [1m[35m (0.3ms)[0m  [1m[36mbegin transaction[0m
  ↳ app/controllers/emails_controller.rb:27
  [1m[36mEmail Update (1.2ms)[0m  [1m[33mUPDATE "emails" SET "read" = ?, "updated_at" = ? WHERE "emails"."id" = ?[0m  [["read", 1], ["updated_at", "2018-08-23 23:35:14.713314"], ["id", 11]]
  ↳ app/controllers/emails_controller.rb:27
  [1m[35m (88.1ms)[0m  [1m[36mcommit transaction[0m
  ↳ app/controllers/emails_controller.rb:27
Redirected to http://localhost:3000/emails
Completed 302 Found in 109ms (ActiveRecord: 90.1ms)


Started GET "/emails" for 127.0.0.1 at 2018-08-24 01:35:14 +0200
Processing by EmailsController#index as HTML
  Rendering emails/index.html.erb within layouts/application
  [1m[36mEmail Load (0.3ms)[0m  [1m[34mSELECT "emails".* FROM "emails" WHERE "emails"."read" = ?[0m  [["read", 0]]
  ↳ app/views/emails/index.html.erb:11
  Rendered collection of emails/_email.html.erb [9 times] (5.8ms)
  [1m[36mEmail Load (0.2ms)[0m  [1m[34mSELECT "emails".* FROM "emails" WHERE "emails"."read" = ?[0m  [["read", 1]]
  ↳ app/views/emails/index.html.erb:18
  Rendered collection of emails/_email.html.erb [10 times] (5.3ms)
  Rendered emails/index.html.erb within layouts/application (16.9ms)
Completed 200 OK in 45ms (Views: 43.2ms | ActiveRecord: 0.5ms)


Started PATCH "/emails/10" for 127.0.0.1 at 2018-08-24 01:35:18 +0200
Processing by EmailsController#update as HTML
  Parameters: {"utf8"=>"✓", "authenticity_token"=>"ipYG/0gQL86jTIMRmRg88I/uxxTF6TJgU1qS8tzNFzPpx/RcmbEiMvcoiUScV94fzy3YXyRgytjYIb1QTDPNaA==", "email"=>{"read"=>"1"}, "commit"=>"Marquer comme lu", "id"=>"10"}
  [1m[36mEmail Load (0.5ms)[0m  [1m[34mSELECT  "emails".* FROM "emails" WHERE "emails"."id" = ? LIMIT ?[0m  [["id", 10], ["LIMIT", 1]]
  ↳ app/controllers/emails_controller.rb:26
  [1m[35m (0.2ms)[0m  [1m[36mbegin transaction[0m
  ↳ app/controllers/emails_controller.rb:27
  [1m[36mEmail Update (15.8ms)[0m  [1m[33mUPDATE "emails" SET "read" = ?, "updated_at" = ? WHERE "emails"."id" = ?[0m  [["read", 1], ["updated_at", "2018-08-23 23:35:18.927146"], ["id", 10]]
  ↳ app/controllers/emails_controller.rb:27
  [1m[35m (96.4ms)[0m  [1m[36mcommit transaction[0m
  ↳ app/controllers/emails_controller.rb:27
Redirected to http://localhost:3000/emails
Completed 302 Found in 131ms (ActiveRecord: 112.9ms)


Started GET "/emails" for 127.0.0.1 at 2018-08-24 01:35:19 +0200
Processing by EmailsController#index as HTML
  Rendering emails/index.html.erb within layouts/application
  [1m[36mEmail Load (0.4ms)[0m  [1m[34mSELECT "emails".* FROM "emails" WHERE "emails"."read" = ?[0m  [["read", 0]]
  ↳ app/views/emails/index.html.erb:11
  Rendered collection of emails/_email.html.erb [8 times] (9.5ms)
  [1m[36mEmail Load (0.3ms)[0m  [1m[34mSELECT "emails".* FROM "emails" WHERE "emails"."read" = ?[0m  [["read", 1]]
  ↳ app/views/emails/index.html.erb:18
  Rendered collection of emails/_email.html.erb [11 times] (8.8ms)
  Rendered emails/index.html.erb within layouts/application (27.9ms)
Completed 200 OK in 58ms (Views: 55.4ms | ActiveRecord: 0.7ms)


Started PATCH "/emails/13" for 127.0.0.1 at 2018-08-24 01:35:22 +0200
Processing by EmailsController#update as HTML
  Parameters: {"utf8"=>"✓", "authenticity_token"=>"V3L7C4VMR2Jo7AEfLOb1yj4v/tQOs4xgg1GS0lDYkqM0IwmoVO1KnjyIC0opqRclfuzhn+86dNgIKr1wwCZI+A==", "email"=>{"read"=>"1"}, "commit"=>"Marquer comme lu", "id"=>"13"}
  [1m[36mEmail Load (0.5ms)[0m  [1m[34mSELECT  "emails".* FROM "emails" WHERE "emails"."id" = ? LIMIT ?[0m  [["id", 13], ["LIMIT", 1]]
  ↳ app/controllers/emails_controller.rb:26
  [1m[35m (0.2ms)[0m  [1m[36mbegin transaction[0m
  ↳ app/controllers/emails_controller.rb:27
  [1m[36mEmail Update (4.3ms)[0m  [1m[33mUPDATE "emails" SET "read" = ?, "updated_at" = ? WHERE "emails"."id" = ?[0m  [["read", 1], ["updated_at", "2018-08-23 23:35:22.306866"], ["id", 13]]
  ↳ app/controllers/emails_controller.rb:27
  [1m[35m (83.4ms)[0m  [1m[36mcommit transaction[0m
  ↳ app/controllers/emails_controller.rb:27
Redirected to http://localhost:3000/emails
Completed 302 Found in 104ms (ActiveRecord: 88.5ms)


Started GET "/emails" for 127.0.0.1 at 2018-08-24 01:35:22 +0200
Processing by EmailsController#index as HTML
  Rendering emails/index.html.erb within layouts/application
  [1m[36mEmail Load (0.5ms)[0m  [1m[34mSELECT "emails".* FROM "emails" WHERE "emails"."read" = ?[0m  [["read", 0]]
  ↳ app/views/emails/index.html.erb:11
  Rendered collection of emails/_email.html.erb [7 times] (15.1ms)
  [1m[36mEmail Load (0.4ms)[0m  [1m[34mSELECT "emails".* FROM "emails" WHERE "emails"."read" = ?[0m  [["read", 1]]
  ↳ app/views/emails/index.html.erb:18
  Rendered collection of emails/_email.html.erb [12 times] (17.0ms)
  Rendered emails/index.html.erb within layouts/application (41.9ms)
Completed 200 OK in 66ms (Views: 60.9ms | ActiveRecord: 0.9ms)


Started PATCH "/emails/14" for 127.0.0.1 at 2018-08-24 01:36:25 +0200
Processing by EmailsController#update as HTML
  Parameters: {"utf8"=>"✓", "authenticity_token"=>"bOYqRmeQEtNbGhJYmQ/pQ0jLGPR4DucLSSNnLGfsibYPt9jltjEfLw9+GA2cQAusCAgHv5mHH7PCWEiO9xJT7Q==", "email"=>{"read"=>"1"}, "commit"=>"Marquer comme lu", "id"=>"14"}
  [1m[36mEmail Load (0.5ms)[0m  [1m[34mSELECT  "emails".* FROM "emails" WHERE "emails"."id" = ? LIMIT ?[0m  [["id", 14], ["LIMIT", 1]]
  ↳ app/controllers/emails_controller.rb:26
  [1m[35m (0.3ms)[0m  [1m[36mbegin transaction[0m
  ↳ app/controllers/emails_controller.rb:27
  [1m[36mEmail Update (1.6ms)[0m  [1m[33mUPDATE "emails" SET "read" = ?, "updated_at" = ? WHERE "emails"."id" = ?[0m  [["read", 1], ["updated_at", "2018-08-23 23:36:25.557417"], ["id", 14]]
  ↳ app/controllers/emails_controller.rb:27
  [1m[35m (97.7ms)[0m  [1m[36mcommit transaction[0m
  ↳ app/controllers/emails_controller.rb:27
Redirected to http://localhost:3000/emails
Completed 302 Found in 123ms (ActiveRecord: 100.1ms)


Started GET "/emails" for 127.0.0.1 at 2018-08-24 01:36:25 +0200
Processing by EmailsController#index as HTML
  Rendering emails/index.html.erb within layouts/application
  [1m[36mEmail Load (0.7ms)[0m  [1m[34mSELECT "emails".* FROM "emails" WHERE "emails"."read" = ?[0m  [["read", 0]]
  ↳ app/views/emails/index.html.erb:11
  Rendered collection of emails/_email.html.erb [6 times] (21.3ms)
  [1m[36mEmail Load (0.5ms)[0m  [1m[34mSELECT "emails".* FROM "emails" WHERE "emails"."read" = ?[0m  [["read", 1]]
  ↳ app/views/emails/index.html.erb:18
  Rendered collection of emails/_email.html.erb [13 times] (13.5ms)
  Rendered emails/index.html.erb within layouts/application (49.0ms)
Completed 200 OK in 81ms (Views: 72.7ms | ActiveRecord: 1.2ms)


Started GET "/emails" for 127.0.0.1 at 2018-08-24 01:37:01 +0200
Processing by EmailsController#index as HTML
  Rendering emails/index.html.erb within layouts/application
  [1m[36mEmail Load (0.7ms)[0m  [1m[34mSELECT "emails".* FROM "emails" WHERE "emails"."read" = ?[0m  [["read", 0]]
  ↳ app/views/emails/index.html.erb:11
  Rendered collection of emails/_email.html.erb [6 times] (25.7ms)
  [1m[36mEmail Load (0.7ms)[0m  [1m[34mSELECT "emails".* FROM "emails" WHERE "emails"."read" = ?[0m  [["read", 1]]
  ↳ app/views/emails/index.html.erb:18
  Rendered collection of emails/_email.html.erb [13 times] (24.4ms)
  Rendered emails/index.html.erb within layouts/application (63.2ms)
  Rendered layouts/_footer.html.erb (0.3ms)
Completed 200 OK in 96ms (Views: 88.4ms | ActiveRecord: 1.4ms)


Started GET "/emails" for 127.0.0.1 at 2018-08-24 01:39:20 +0200
Processing by EmailsController#index as HTML
  Rendering emails/index.html.erb within layouts/application
  [1m[36mEmail Load (0.3ms)[0m  [1m[34mSELECT "emails".* FROM "emails" WHERE "emails"."read" = ?[0m  [["read", 0]]
  ↳ app/views/emails/index.html.erb:11
  Rendered collection of emails/_email.html.erb [6 times] (10.7ms)
  [1m[36mEmail Load (0.2ms)[0m  [1m[34mSELECT "emails".* FROM "emails" WHERE "emails"."read" = ?[0m  [["read", 1]]
  ↳ app/views/emails/index.html.erb:18
  Rendered collection of emails/_email.html.erb [13 times] (5.9ms)
  Rendered emails/index.html.erb within layouts/application (21.7ms)
  Rendered layouts/_footer.html.erb (0.3ms)
Completed 200 OK in 52ms (Views: 49.9ms | ActiveRecord: 0.5ms)


Started GET "/emails" for 127.0.0.1 at 2018-08-24 01:43:47 +0200
Processing by EmailsController#index as HTML
  Rendering emails/index.html.erb within layouts/application
  [1m[36mEmail Load (1.0ms)[0m  [1m[34mSELECT "emails".* FROM "emails" WHERE "emails"."read" = ?[0m  [["read", 0]]
  ↳ app/views/emails/index.html.erb:11
  Rendered collection of emails/_email.html.erb [6 times] (3.8ms)
  [1m[36mEmail Load (0.2ms)[0m  [1m[34mSELECT "emails".* FROM "emails" WHERE "emails"."read" = ?[0m  [["read", 1]]
  ↳ app/views/emails/index.html.erb:18
  Rendered collection of emails/_email.html.erb [13 times] (11.3ms)
  Rendered emails/index.html.erb within layouts/application (21.9ms)
  Rendered layouts/_footer.html.erb (0.2ms)
Completed 200 OK in 46ms (Views: 43.2ms | ActiveRecord: 1.2ms)


Started GET "/emails" for 127.0.0.1 at 2018-08-24 01:43:48 +0200
Processing by EmailsController#index as HTML
  Rendering emails/index.html.erb within layouts/application
  [1m[36mEmail Load (0.3ms)[0m  [1m[34mSELECT "emails".* FROM "emails" WHERE "emails"."read" = ?[0m  [["read", 0]]
  ↳ app/views/emails/index.html.erb:11
  Rendered collection of emails/_email.html.erb [6 times] (7.5ms)
  [1m[36mEmail Load (0.2ms)[0m  [1m[34mSELECT "emails".* FROM "emails" WHERE "emails"."read" = ?[0m  [["read", 1]]
  ↳ app/views/emails/index.html.erb:18
  Rendered collection of emails/_email.html.erb [13 times] (6.1ms)
  Rendered emails/index.html.erb within layouts/application (18.1ms)
  Rendered layouts/_footer.html.erb (0.3ms)
Completed 200 OK in 39ms (Views: 35.8ms | ActiveRecord: 0.5ms)


  [1m[35m (0.1ms)[0m  [1m[34mSELECT "schema_migrations"."version" FROM "schema_migrations" ORDER BY "schema_migrations"."version" ASC[0m
  ↳ bin/rails:9
  [1m[36mActiveRecord::InternalMetadata Load (0.1ms)[0m  [1m[34mSELECT  "ar_internal_metadata".* FROM "ar_internal_metadata" WHERE "ar_internal_metadata"."key" = ? LIMIT ?[0m  [["key", "environment"], ["LIMIT", 1]]
  ↳ bin/rails:9
  [1m[35m (0.0ms)[0m  [1m[36mbegin transaction[0m
  ↳ bin/rails:9
  [1m[35m (0.0ms)[0m  [1m[36mcommit transaction[0m
  ↳ bin/rails:9
  [1m[35m (0.1ms)[0m  [1m[34mSELECT "schema_migrations"."version" FROM "schema_migrations" ORDER BY "schema_migrations"."version" ASC[0m
  ↳ bin/rails:9
  [1m[35m (0.1ms)[0m  [1m[34mSELECT "schema_migrations"."version" FROM "schema_migrations" ORDER BY "schema_migrations"."version" ASC[0m
  ↳ bin/rails:9
  [1m[36mActiveRecord::InternalMetadata Load (0.1ms)[0m  [1m[34mSELECT  "ar_internal_metadata".* FROM "ar_internal_metadata" WHERE "ar_internal_metadata"."key" = ? LIMIT ?[0m  [["key", "environment"], ["LIMIT", 1]]
  ↳ bin/rails:9
  [1m[35m (0.0ms)[0m  [1m[36mbegin transaction[0m
  ↳ bin/rails:9
  [1m[35m (0.0ms)[0m  [1m[36mcommit transaction[0m
  ↳ bin/rails:9
  [1m[35m (0.1ms)[0m  [1m[34mSELECT "schema_migrations"."version" FROM "schema_migrations" ORDER BY "schema_migrations"."version" ASC[0m
  ↳ bin/rails:9
